;  LST file generated by mikroListExporter - v.2.0 
; Date/Time: 7/1/2017 2:16:24 AM
;----------------------------------------------

;Address Opcode 	ASM
0x0000	0x2BE3      	GOTO       995
_interrupt:
0x0004	0x00FF      	MOVWF      R15
0x0005	0x0E03      	SWAPF      STATUS, 0
0x0006	0x0183      	CLRF       STATUS
0x0007	0x00B9      	MOVWF      ___saveSTATUS
0x0008	0x080A      	MOVF       PCLATH, 0
0x0009	0x00B8      	MOVWF      ___savePCLATH
0x000A	0x018A      	CLRF       PCLATH
0x000B	0x0870      	MOVF       R0, 0
0x000C	0x00A2      	MOVWF      34
0x000D	0x0871      	MOVF       R1, 0
0x000E	0x00A1      	MOVWF      33
0x000F	0x0825      	MOVF       ___DoICPAddr, 0
0x0010	0x00A3      	MOVWF      35
0x0011	0x0826      	MOVF       38, 0
0x0012	0x00A4      	MOVWF      36
;POV_Wireless_Display.c,77 :: 		void interrupt(){
;POV_Wireless_Display.c,78 :: 		if (Prev_IR_State==0 && PORTE.RE0==1) {
0x0013	0x082C      	MOVF       _Prev_IR_State, 0
0x0014	0x3A00      	XORLW      0
0x0015	0x1D03      	BTFSS      STATUS, 2
0x0016	0x281C      	GOTO       L_interrupt8
0x0017	0x1C09      	BTFSS      PORTE, 0
0x0018	0x281C      	GOTO       L_interrupt8
L__interrupt10:
;POV_Wireless_Display.c,80 :: 		Last_Pixel_Column_Count=Pixel_Column_Count; //Stores for control purposes
0x0019	0x082E      	MOVF       _Pixel_Column_Count, 0
0x001A	0x00AB      	MOVWF      _Last_Pixel_Column_Count
;POV_Wireless_Display.c,81 :: 		Pixel_Column_Count=0; //Resets the column count
0x001B	0x01AE      	CLRF       _Pixel_Column_Count
;POV_Wireless_Display.c,82 :: 		}
L_interrupt8:
;POV_Wireless_Display.c,84 :: 		if (ImgToShow==0) {
0x001C	0x082D      	MOVF       _ImgToShow, 0
0x001D	0x3A00      	XORLW      0
0x001E	0x1D03      	BTFSS      STATUS, 2
0x001F	0x285C      	GOTO       L_interrupt9
;POV_Wireless_Display.c,85 :: 		PORTA=WORLDA[Pixel_Column_Count];
0x0020	0x082E      	MOVF       _Pixel_Column_Count, 0
0x0021	0x3EB9      	ADDLW      _WORLDA
0x0022	0x00F0      	MOVWF      R0
0x0023	0x3005      	MOVLW      hi_addr(_WORLDA)
0x0024	0x1803      	BTFSC      STATUS, 0
0x0025	0x3E01      	ADDLW      1
0x0026	0x00F1      	MOVWF      R0+1
0x0027	0x0870      	MOVF       R0, 0
0x0028	0x00A5      	MOVWF      ___DoICPAddr
0x0029	0x0871      	MOVF       R0+1, 0
0x002A	0x00A6      	MOVWF      ___DoICPAddr+1
0x002B	0x20F0      	CALL       _____DoICP
0x002C	0x118A      	BCF        PCLATH, 3
0x002D	0x120A      	BCF        PCLATH, 4
0x002E	0x0085      	MOVWF      PORTA
;POV_Wireless_Display.c,86 :: 		PORTB=WORLDB[Pixel_Column_Count];
0x002F	0x082E      	MOVF       _Pixel_Column_Count, 0
0x0030	0x3E4F      	ADDLW      _WORLDB
0x0031	0x00F0      	MOVWF      R0
0x0032	0x3006      	MOVLW      hi_addr(_WORLDB)
0x0033	0x1803      	BTFSC      STATUS, 0
0x0034	0x3E01      	ADDLW      1
0x0035	0x00F1      	MOVWF      R0+1
0x0036	0x0870      	MOVF       R0, 0
0x0037	0x00A5      	MOVWF      ___DoICPAddr
0x0038	0x0871      	MOVF       R0+1, 0
0x0039	0x00A6      	MOVWF      ___DoICPAddr+1
0x003A	0x20F0      	CALL       _____DoICP
0x003B	0x118A      	BCF        PCLATH, 3
0x003C	0x120A      	BCF        PCLATH, 4
0x003D	0x0086      	MOVWF      PORTB
;POV_Wireless_Display.c,87 :: 		PORTC=WORLDC[Pixel_Column_Count];
0x003E	0x082E      	MOVF       _Pixel_Column_Count, 0
0x003F	0x3E8D      	ADDLW      _WORLDC
0x0040	0x00F0      	MOVWF      R0
0x0041	0x3004      	MOVLW      hi_addr(_WORLDC)
0x0042	0x1803      	BTFSC      STATUS, 0
0x0043	0x3E01      	ADDLW      1
0x0044	0x00F1      	MOVWF      R0+1
0x0045	0x0870      	MOVF       R0, 0
0x0046	0x00A5      	MOVWF      ___DoICPAddr
0x0047	0x0871      	MOVF       R0+1, 0
0x0048	0x00A6      	MOVWF      ___DoICPAddr+1
0x0049	0x20F0      	CALL       _____DoICP
0x004A	0x118A      	BCF        PCLATH, 3
0x004B	0x120A      	BCF        PCLATH, 4
0x004C	0x0087      	MOVWF      PORTC
;POV_Wireless_Display.c,88 :: 		PORTD=WORLDD[Pixel_Column_Count];
0x004D	0x082E      	MOVF       _Pixel_Column_Count, 0
0x004E	0x3E23      	ADDLW      _WORLDD
0x004F	0x00F0      	MOVWF      R0
0x0050	0x3005      	MOVLW      hi_addr(_WORLDD)
0x0051	0x1803      	BTFSC      STATUS, 0
0x0052	0x3E01      	ADDLW      1
0x0053	0x00F1      	MOVWF      R0+1
0x0054	0x0870      	MOVF       R0, 0
0x0055	0x00A5      	MOVWF      ___DoICPAddr
0x0056	0x0871      	MOVF       R0+1, 0
0x0057	0x00A6      	MOVWF      ___DoICPAddr+1
0x0058	0x20F0      	CALL       _____DoICP
0x0059	0x118A      	BCF        PCLATH, 3
0x005A	0x120A      	BCF        PCLATH, 4
0x005B	0x0088      	MOVWF      PORTD
;POV_Wireless_Display.c,94 :: 		} */
L_interrupt9:
;POV_Wireless_Display.c,96 :: 		Prev_IR_State=PORTE.RE0; //Updates the state of the IR detector
0x005C	0x3000      	MOVLW      0
0x005D	0x1809      	BTFSC      PORTE, 0
0x005E	0x3001      	MOVLW      1
0x005F	0x00AC      	MOVWF      _Prev_IR_State
;POV_Wireless_Display.c,97 :: 		INTCON.T0IF=0; //Timer didn't overflow
0x0060	0x110B      	BCF        INTCON, 2
;POV_Wireless_Display.c,98 :: 		TMR0=Pixel_Column_Time;   //Sets the timer
0x0061	0x082F      	MOVF       _Pixel_Column_Time, 0
0x0062	0x0081      	MOVWF      TMR0
;POV_Wireless_Display.c,99 :: 		Pixel_Column_Count++; //Updates the pixel column count
0x0063	0x0AAE      	INCF       _Pixel_Column_Count, 1
;POV_Wireless_Display.c,100 :: 		}
L_end_interrupt:
L__interrupt14:
0x0064	0x0823      	MOVF       35, 0
0x0065	0x00A5      	MOVWF      ___DoICPAddr
0x0066	0x0824      	MOVF       36, 0
0x0067	0x00A6      	MOVWF      38
0x0068	0x0822      	MOVF       34, 0
0x0069	0x00F0      	MOVWF      R0
0x006A	0x0821      	MOVF       33, 0
0x006B	0x00F1      	MOVWF      R1
0x006C	0x0838      	MOVF       ___savePCLATH, 0
0x006D	0x008A      	MOVWF      PCLATH
0x006E	0x0E39      	SWAPF      ___saveSTATUS, 0
0x006F	0x0083      	MOVWF      STATUS
0x0070	0x0EFF      	SWAPF      R15, 1
0x0071	0x0E7F      	SWAPF      R15, 0
0x0072	0x0009      	RETFIE
; end of _interrupt
_SETFOV32:
;__Lib_MathDouble.c,79 :: 		
;__Lib_MathDouble.c,86 :: 		
0x0073	0x14FB      	BSF        R11, 1
;__Lib_MathDouble.c,87 :: 		
0x0074	0x1FFB      	BTFSS      R11, 7
;__Lib_MathDouble.c,88 :: 		
0x0075	0x287D      	GOTO       SETFOV32EEE
;__Lib_MathDouble.c,89 :: 		
0x0076	0x30FF      	MOVLW      255
;__Lib_MathDouble.c,90 :: 		
0x0077	0x00F3      	MOVWF      R3
;__Lib_MathDouble.c,91 :: 		
0x0078	0x00F2      	MOVWF      R2
;__Lib_MathDouble.c,92 :: 		
0x0079	0x00F1      	MOVWF      R1
;__Lib_MathDouble.c,93 :: 		
0x007A	0x00F0      	MOVWF      R0
;__Lib_MathDouble.c,94 :: 		
0x007B	0x0DFA      	RLF        R10, 1
;__Lib_MathDouble.c,95 :: 		
0x007C	0x0CF2      	RRF        R2, 1
;__Lib_MathDouble.c,96 :: 		
SETFOV32EEE:
;__Lib_MathDouble.c,97 :: 		
0x007D	0x30FF      	MOVLW      255
;__Lib_MathDouble.c,99 :: 		
L_end_SETFOV32:
0x007E	0x0008      	RETURN
; end of _SETFOV32
_RES032:
;__Lib_MathDouble.c,123 :: 		
;__Lib_MathDouble.c,128 :: 		
0x007F	0x01F2      	CLRF       R2
;__Lib_MathDouble.c,129 :: 		
0x0080	0x01F1      	CLRF       R1
;__Lib_MathDouble.c,130 :: 		
0x0081	0x01F0      	CLRF       R0
;__Lib_MathDouble.c,131 :: 		
0x0082	0x01F8      	CLRF       R8
;__Lib_MathDouble.c,132 :: 		
0x0083	0x01F3      	CLRF       R3
;__Lib_MathDouble.c,133 :: 		
0x0084	0x3000      	MOVLW      0
;__Lib_MathDouble.c,135 :: 		
L_end_RES032:
0x0085	0x0008      	RETURN
; end of _RES032
_SETFUN32:
;__Lib_MathDouble.c,138 :: 		
;__Lib_MathDouble.c,145 :: 		
0x0086	0x157B      	BSF        R11, 2
;__Lib_MathDouble.c,146 :: 		
0x0087	0x1FFB      	BTFSS      R11, 7
;__Lib_MathDouble.c,147 :: 		
0x0088	0x2890      	GOTO       SETFUN32EEE
;__Lib_MathDouble.c,148 :: 		
0x0089	0x3001      	MOVLW      1
;__Lib_MathDouble.c,149 :: 		
0x008A	0x00F3      	MOVWF      R3
;__Lib_MathDouble.c,150 :: 		
0x008B	0x01F2      	CLRF       R2
;__Lib_MathDouble.c,151 :: 		
0x008C	0x01F1      	CLRF       R1
;__Lib_MathDouble.c,152 :: 		
0x008D	0x01F0      	CLRF       R0
;__Lib_MathDouble.c,153 :: 		
0x008E	0x0DFA      	RLF        R10, 1
;__Lib_MathDouble.c,154 :: 		
0x008F	0x0CF2      	RRF        R2, 1
;__Lib_MathDouble.c,155 :: 		
SETFUN32EEE:
;__Lib_MathDouble.c,156 :: 		
0x0090	0x30FF      	MOVLW      255
;__Lib_MathDouble.c,158 :: 		
L_end_SETFUN32:
0x0091	0x0008      	RETURN
; end of _SETFUN32
_FIXSIGN32:
;__Lib_MathDouble.c,112 :: 		
;__Lib_MathDouble.c,116 :: 		
0x0092	0x1FFA      	BTFSS      R10, 7
;__Lib_MathDouble.c,117 :: 		
0x0093	0x13F2      	BCF        R2, 7
;__Lib_MathDouble.c,118 :: 		
0x0094	0x3000      	MOVLW      0
;__Lib_MathDouble.c,120 :: 		
L_end_FIXSIGN32:
0x0095	0x0008      	RETURN
; end of _FIXSIGN32
_NRM4032:
;__Lib_MathDouble.c,245 :: 		
;__Lib_MathDouble.c,252 :: 		
;__Lib_MathDouble.c,254 :: 		
0x0096	0x187C      	BTFSC      R12, 0
;__Lib_MathDouble.c,255 :: 		
0x0097	0x28CC      	GOTO       NRMRND4032
;__Lib_MathDouble.c,256 :: 		
0x0098	0x18FC      	BTFSC      R12, 1
;__Lib_MathDouble.c,257 :: 		
0x0099	0x289D      	GOTO       NRM4032
;__Lib_MathDouble.c,258 :: 		
0x009A	0x197C      	BTFSC      R12, 2
;__Lib_MathDouble.c,259 :: 		
0x009B	0x28EB      	GOTO       JMPSETFOV32
;__Lib_MathDouble.c,260 :: 		
0x009C	0x2896      	GOTO       $-6
;__Lib_MathDouble.c,261 :: 		
NRM4032:
;__Lib_MathDouble.c,262 :: 		
0x009D	0x01A0      	CLRF       __math_tempbD
;__Lib_MathDouble.c,263 :: 		
0x009E	0x0872      	MOVF       R2, 0
;__Lib_MathDouble.c,264 :: 		
0x009F	0x1D03      	BTFSS      STATUS, 2
;__Lib_MathDouble.c,265 :: 		
0x00A0	0x28BD      	GOTO       NORM4032
;__Lib_MathDouble.c,266 :: 		
0x00A1	0x0871      	MOVF       R1, 0
;__Lib_MathDouble.c,267 :: 		
0x00A2	0x00F2      	MOVWF      R2
;__Lib_MathDouble.c,268 :: 		
0x00A3	0x0870      	MOVF       R0, 0
;__Lib_MathDouble.c,269 :: 		
0x00A4	0x00F1      	MOVWF      R1
;__Lib_MathDouble.c,270 :: 		
0x00A5	0x0878      	MOVF       R8, 0
;__Lib_MathDouble.c,271 :: 		
0x00A6	0x00F0      	MOVWF      R0
;__Lib_MathDouble.c,272 :: 		
0x00A7	0x01F8      	CLRF       R8
;__Lib_MathDouble.c,273 :: 		
0x00A8	0x15A0      	BSF        __math_tempbD, 3
;__Lib_MathDouble.c,275 :: 		
0x00A9	0x0872      	MOVF       R2, 0
;__Lib_MathDouble.c,276 :: 		
0x00AA	0x1D03      	BTFSS      STATUS, 2
;__Lib_MathDouble.c,277 :: 		
0x00AB	0x28BD      	GOTO       NORM4032
;__Lib_MathDouble.c,278 :: 		
0x00AC	0x0871      	MOVF       R1, 0
;__Lib_MathDouble.c,279 :: 		
0x00AD	0x00F2      	MOVWF      R2
;__Lib_MathDouble.c,280 :: 		
0x00AE	0x0870      	MOVF       R0, 0
;__Lib_MathDouble.c,281 :: 		
0x00AF	0x00F1      	MOVWF      R1
;__Lib_MathDouble.c,282 :: 		
0x00B0	0x01F0      	CLRF       R0
;__Lib_MathDouble.c,283 :: 		
0x00B1	0x11A0      	BCF        __math_tempbD, 3
;__Lib_MathDouble.c,284 :: 		
0x00B2	0x1620      	BSF        __math_tempbD, 4
;__Lib_MathDouble.c,286 :: 		
0x00B3	0x0872      	MOVF       R2, 0
;__Lib_MathDouble.c,287 :: 		
0x00B4	0x1D03      	BTFSS      STATUS, 2
;__Lib_MathDouble.c,288 :: 		
0x00B5	0x28BD      	GOTO       NORM4032
;__Lib_MathDouble.c,289 :: 		
0x00B6	0x0871      	MOVF       R1, 0
;__Lib_MathDouble.c,290 :: 		
0x00B7	0x00F2      	MOVWF      R2
;__Lib_MathDouble.c,291 :: 		
0x00B8	0x01F1      	CLRF       R1
;__Lib_MathDouble.c,292 :: 		
0x00B9	0x15A0      	BSF        __math_tempbD, 3
;__Lib_MathDouble.c,294 :: 		
0x00BA	0x0872      	MOVF       R2, 0
;__Lib_MathDouble.c,295 :: 		
0x00BB	0x1903      	BTFSC      STATUS, 2
;__Lib_MathDouble.c,296 :: 		
0x00BC	0x28DF      	GOTO       JMPRES032
;__Lib_MathDouble.c,297 :: 		
NORM4032:
;__Lib_MathDouble.c,298 :: 		
0x00BD	0x0820      	MOVF       __math_tempbD, 0
;__Lib_MathDouble.c,299 :: 		
0x00BE	0x02F3      	SUBWF      R3, 1
;__Lib_MathDouble.c,300 :: 		
0x00BF	0x1D03      	BTFSS      STATUS, 2
;__Lib_MathDouble.c,301 :: 		
0x00C0	0x1C03      	BTFSS      STATUS, 0
;__Lib_MathDouble.c,302 :: 		
0x00C1	0x28E3      	GOTO       JMPSETFUN32
;__Lib_MathDouble.c,303 :: 		
0x00C2	0x1003      	BCF        STATUS, 0
;__Lib_MathDouble.c,304 :: 		
NORM4032A:
;__Lib_MathDouble.c,305 :: 		
0x00C3	0x1BF2      	BTFSC      R2, 7
;__Lib_MathDouble.c,306 :: 		
0x00C4	0x28CC      	GOTO       NRMRND4032
;__Lib_MathDouble.c,307 :: 		
0x00C5	0x0DF8      	RLF        R8, 1
;__Lib_MathDouble.c,308 :: 		
0x00C6	0x0DF0      	RLF        R0, 1
;__Lib_MathDouble.c,309 :: 		
0x00C7	0x0DF1      	RLF        R1, 1
;__Lib_MathDouble.c,310 :: 		
0x00C8	0x0DF2      	RLF        R2, 1
;__Lib_MathDouble.c,311 :: 		
0x00C9	0x0BF3      	DECFSZ     R3, 1
;__Lib_MathDouble.c,312 :: 		
0x00CA	0x28C3      	GOTO       NORM4032A
;__Lib_MathDouble.c,313 :: 		
0x00CB	0x28E3      	GOTO       JMPSETFUN32
;__Lib_MathDouble.c,314 :: 		
NRMRND4032:
;__Lib_MathDouble.c,315 :: 		
0x00CC	0x1B7B      	BTFSC      R11, 6
;__Lib_MathDouble.c,316 :: 		
0x00CD	0x1C70      	BTFSS      R0, 0
;__Lib_MathDouble.c,317 :: 		
0x00CE	0x28E7      	GOTO       JMPFIXSIGN32
;__Lib_MathDouble.c,318 :: 		
0x00CF	0x1FF8      	BTFSS      R8, 7
;__Lib_MathDouble.c,319 :: 		
0x00D0	0x28E7      	GOTO       JMPFIXSIGN32
;__Lib_MathDouble.c,320 :: 		
0x00D1	0x0AF0      	INCF       R0, 1
;__Lib_MathDouble.c,321 :: 		
0x00D2	0x1903      	BTFSC      STATUS, 2
;__Lib_MathDouble.c,322 :: 		
0x00D3	0x0AF1      	INCF       R1, 1
;__Lib_MathDouble.c,323 :: 		
0x00D4	0x1903      	BTFSC      STATUS, 2
;__Lib_MathDouble.c,324 :: 		
0x00D5	0x0AF2      	INCF       R2, 1
;__Lib_MathDouble.c,325 :: 		
0x00D6	0x1D03      	BTFSS      STATUS, 2
;__Lib_MathDouble.c,326 :: 		
0x00D7	0x28E7      	GOTO       JMPFIXSIGN32
;__Lib_MathDouble.c,327 :: 		
0x00D8	0x0CF2      	RRF        R2, 1
;__Lib_MathDouble.c,328 :: 		
0x00D9	0x0CF1      	RRF        R1, 1
;__Lib_MathDouble.c,329 :: 		
0x00DA	0x0CF0      	RRF        R0, 1
;__Lib_MathDouble.c,330 :: 		
0x00DB	0x0AF3      	INCF       R3, 1
;__Lib_MathDouble.c,331 :: 		
0x00DC	0x1903      	BTFSC      STATUS, 2
;__Lib_MathDouble.c,332 :: 		
0x00DD	0x28EB      	GOTO       JMPSETFOV32
;__Lib_MathDouble.c,333 :: 		
0x00DE	0x28E7      	GOTO       JMPFIXSIGN32
;__Lib_MathDouble.c,334 :: 		
JMPRES032:
;__Lib_MathDouble.c,335 :: 		
0x00DF	0x3001      	MOVLW      1
;__Lib_MathDouble.c,336 :: 		
0x00E0	0x00FC      	MOVWF      R12
;__Lib_MathDouble.c,338 :: 		
0x00E1	0x207F      	CALL       _RES032
;__Lib_MathDouble.c,340 :: 		
0x00E2	0x28EE      	GOTO       NRM4032EEE
;__Lib_MathDouble.c,341 :: 		
JMPSETFUN32:
;__Lib_MathDouble.c,342 :: 		
0x00E3	0x3002      	MOVLW      2
;__Lib_MathDouble.c,343 :: 		
0x00E4	0x00FC      	MOVWF      R12
;__Lib_MathDouble.c,345 :: 		
0x00E5	0x2086      	CALL       _SETFUN32
;__Lib_MathDouble.c,347 :: 		
0x00E6	0x28EE      	GOTO       NRM4032EEE
;__Lib_MathDouble.c,348 :: 		
JMPFIXSIGN32:
;__Lib_MathDouble.c,349 :: 		
0x00E7	0x3004      	MOVLW      4
;__Lib_MathDouble.c,350 :: 		
0x00E8	0x00FC      	MOVWF      R12
;__Lib_MathDouble.c,352 :: 		
0x00E9	0x2092      	CALL       _FIXSIGN32
;__Lib_MathDouble.c,354 :: 		
0x00EA	0x28EE      	GOTO       NRM4032EEE
;__Lib_MathDouble.c,355 :: 		
JMPSETFOV32:
;__Lib_MathDouble.c,356 :: 		
0x00EB	0x3008      	MOVLW      8
;__Lib_MathDouble.c,357 :: 		
0x00EC	0x00FC      	MOVWF      R12
;__Lib_MathDouble.c,359 :: 		
0x00ED	0x2073      	CALL       _SETFOV32
;__Lib_MathDouble.c,361 :: 		
NRM4032EEE:
;__Lib_MathDouble.c,362 :: 		
0x00EE	0x0000      	NOP
;__Lib_MathDouble.c,370 :: 		
L_end_NRM4032:
0x00EF	0x0008      	RETURN
; end of _NRM4032
_____DoICP:
;__Lib_System.c,6 :: 		
;__Lib_System.c,9 :: 		
0x00F0	0x1283      	BCF        STATUS, 5
0x00F1	0x1303      	BCF        STATUS, 6
0x00F2	0x0826      	MOVF       ___DoICPAddr+1, 0
0x00F3	0x008A      	MOVWF      PCLATH
;__Lib_System.c,10 :: 		
0x00F4	0x0825      	MOVF       ___DoICPAddr, 0
0x00F5	0x0082      	MOVWF      PCL
;__Lib_System.c,12 :: 		
L_end_____DoICP:
0x00F6	0x0008      	RETURN
; end of _____DoICP
_SETIOV3224:
;__Lib_MathDouble.c,1000 :: 		
;__Lib_MathDouble.c,1006 :: 		
0x00F7	0x147B      	BSF        R11, 0
;__Lib_MathDouble.c,1007 :: 		
0x00F8	0x1FFB      	BTFSS      R11, 7
;__Lib_MathDouble.c,1008 :: 		
0x00F9	0x2902      	GOTO       SETIOV3224EEE
;__Lib_MathDouble.c,1010 :: 		
0x00FA	0x01F2      	CLRF       R2
;__Lib_MathDouble.c,1011 :: 		
0x00FB	0x1FFA      	BTFSS      R10, 7
;__Lib_MathDouble.c,1012 :: 		
0x00FC	0x30FF      	MOVLW      255
;__Lib_MathDouble.c,1013 :: 		
0x00FD	0x00F2      	MOVWF      R2
;__Lib_MathDouble.c,1014 :: 		
0x00FE	0x00F1      	MOVWF      R1
;__Lib_MathDouble.c,1015 :: 		
0x00FF	0x00F0      	MOVWF      R0
;__Lib_MathDouble.c,1016 :: 		
0x0100	0x0DFA      	RLF        R10, 1
;__Lib_MathDouble.c,1017 :: 		
0x0101	0x0CF2      	RRF        R2, 1
;__Lib_MathDouble.c,1018 :: 		
SETIOV3224EEE:
;__Lib_MathDouble.c,1019 :: 		
0x0102	0x30FF      	MOVLW      255
;__Lib_MathDouble.c,1021 :: 		
L_end_SETIOV3224:
0x0103	0x0008      	RETURN
; end of _SETIOV3224
_SETFDZ32:
;__Lib_MathDouble.c,102 :: 		
;__Lib_MathDouble.c,105 :: 		
0x0104	0x15FB      	BSF        R11, 3
;__Lib_MathDouble.c,106 :: 		
0x0105	0x30FF      	MOVLW      255
;__Lib_MathDouble.c,108 :: 		
L_end_SETFDZ32:
0x0106	0x0008      	RETURN
; end of _SETFDZ32
_NRM3232:
;__Lib_MathDouble.c,167 :: 		
;__Lib_MathDouble.c,173 :: 		
;__Lib_MathDouble.c,175 :: 		
0x0107	0x01A0      	CLRF       __math_tempbD
;__Lib_MathDouble.c,176 :: 		
0x0108	0x0872      	MOVF       R2, 0
;__Lib_MathDouble.c,177 :: 		
0x0109	0x1D03      	BTFSS      STATUS, 2
;__Lib_MathDouble.c,178 :: 		
0x010A	0x291C      	GOTO       NORM3232
;__Lib_MathDouble.c,179 :: 		
0x010B	0x0871      	MOVF       R1, 0
;__Lib_MathDouble.c,180 :: 		
0x010C	0x00F2      	MOVWF      R2
;__Lib_MathDouble.c,181 :: 		
0x010D	0x0870      	MOVF       R0, 0
;__Lib_MathDouble.c,182 :: 		
0x010E	0x00F1      	MOVWF      R1
;__Lib_MathDouble.c,183 :: 		
0x010F	0x01F0      	CLRF       R0
;__Lib_MathDouble.c,184 :: 		
0x0110	0x15A0      	BSF        __math_tempbD, 3
;__Lib_MathDouble.c,186 :: 		
0x0111	0x0872      	MOVF       R2, 0
;__Lib_MathDouble.c,187 :: 		
0x0112	0x1D03      	BTFSS      STATUS, 2
;__Lib_MathDouble.c,188 :: 		
0x0113	0x291C      	GOTO       NORM3232
;__Lib_MathDouble.c,189 :: 		
0x0114	0x0871      	MOVF       R1, 0
;__Lib_MathDouble.c,190 :: 		
0x0115	0x00F2      	MOVWF      R2
;__Lib_MathDouble.c,191 :: 		
0x0116	0x01F1      	CLRF       R1
;__Lib_MathDouble.c,192 :: 		
0x0117	0x11A0      	BCF        __math_tempbD, 3
;__Lib_MathDouble.c,193 :: 		
0x0118	0x1620      	BSF        __math_tempbD, 4
;__Lib_MathDouble.c,195 :: 		
0x0119	0x0872      	MOVF       R2, 0
;__Lib_MathDouble.c,196 :: 		
0x011A	0x1903      	BTFSC      STATUS, 2
;__Lib_MathDouble.c,197 :: 		
0x011B	0x292A      	GOTO       JPNRES032
;__Lib_MathDouble.c,198 :: 		
NORM3232:
;__Lib_MathDouble.c,199 :: 		
0x011C	0x0820      	MOVF       __math_tempbD, 0
;__Lib_MathDouble.c,200 :: 		
0x011D	0x02F3      	SUBWF      R3, 1
;__Lib_MathDouble.c,201 :: 		
0x011E	0x1D03      	BTFSS      STATUS, 2
;__Lib_MathDouble.c,202 :: 		
0x011F	0x1C03      	BTFSS      STATUS, 0
;__Lib_MathDouble.c,203 :: 		
0x0120	0x292E      	GOTO       JPNSETFUN32
;__Lib_MathDouble.c,204 :: 		
0x0121	0x1003      	BCF        STATUS, 0
;__Lib_MathDouble.c,205 :: 		
NORM3232A:
;__Lib_MathDouble.c,206 :: 		
0x0122	0x1BF2      	BTFSC      R2, 7
;__Lib_MathDouble.c,207 :: 		
0x0123	0x2932      	GOTO       JMPNFIXSIGN32
;__Lib_MathDouble.c,208 :: 		
0x0124	0x0DF0      	RLF        R0, 1
;__Lib_MathDouble.c,209 :: 		
0x0125	0x0DF1      	RLF        R1, 1
;__Lib_MathDouble.c,210 :: 		
0x0126	0x0DF2      	RLF        R2, 1
;__Lib_MathDouble.c,211 :: 		
0x0127	0x0BF3      	DECFSZ     R3, 1
;__Lib_MathDouble.c,212 :: 		
0x0128	0x2922      	GOTO       NORM3232A
;__Lib_MathDouble.c,213 :: 		
0x0129	0x292E      	GOTO       JPNSETFUN32
;__Lib_MathDouble.c,214 :: 		
JPNRES032:
;__Lib_MathDouble.c,215 :: 		
0x012A	0x3001      	MOVLW      1
;__Lib_MathDouble.c,216 :: 		
0x012B	0x00FC      	MOVWF      R12
;__Lib_MathDouble.c,218 :: 		
0x012C	0x207F      	CALL       _RES032
;__Lib_MathDouble.c,220 :: 		
0x012D	0x2935      	GOTO       NORM32EEE
;__Lib_MathDouble.c,221 :: 		
JPNSETFUN32:
;__Lib_MathDouble.c,222 :: 		
0x012E	0x3002      	MOVLW      2
;__Lib_MathDouble.c,223 :: 		
0x012F	0x00FC      	MOVWF      R12
;__Lib_MathDouble.c,225 :: 		
0x0130	0x2086      	CALL       _SETFUN32
;__Lib_MathDouble.c,227 :: 		
0x0131	0x2935      	GOTO       NORM32EEE
;__Lib_MathDouble.c,228 :: 		
JMPNFIXSIGN32:
;__Lib_MathDouble.c,229 :: 		
0x0132	0x3004      	MOVLW      4
;__Lib_MathDouble.c,230 :: 		
0x0133	0x00FC      	MOVWF      R12
;__Lib_MathDouble.c,232 :: 		
0x0134	0x2092      	CALL       _FIXSIGN32
;__Lib_MathDouble.c,234 :: 		
NORM32EEE:
;__Lib_MathDouble.c,236 :: 		
L_end_NRM3232:
0x0135	0x0008      	RETURN
; end of _NRM3232
_abs:
;__Lib_CStdlib.c,37 :: 		
;__Lib_CStdlib.c,38 :: 		
0x0136	0x3080      	MOVLW      128
0x0137	0x1283      	BCF        STATUS, 5
0x0138	0x1303      	BCF        STATUS, 6
0x0139	0x0641      	XORWF      FARG_abs_a+1, 0
0x013A	0x00F0      	MOVWF      R0
0x013B	0x3080      	MOVLW      128
0x013C	0x0270      	SUBWF      R0, 0
0x013D	0x1D03      	BTFSS      STATUS, 2
0x013E	0x2941      	GOTO       L__abs93
0x013F	0x3000      	MOVLW      0
0x0140	0x0240      	SUBWF      FARG_abs_a, 0
L__abs93:
0x0141	0x1803      	BTFSC      STATUS, 0
0x0142	0x294C      	GOTO       L_abs0
;__Lib_CStdlib.c,39 :: 		
0x0143	0x0840      	MOVF       FARG_abs_a, 0
0x0144	0x3C00      	SUBLW      0
0x0145	0x00F0      	MOVWF      R0
0x0146	0x0841      	MOVF       FARG_abs_a+1, 0
0x0147	0x1C03      	BTFSS      STATUS, 0
0x0148	0x3E01      	ADDLW      1
0x0149	0x01F1      	CLRF       R0+1
0x014A	0x02F1      	SUBWF      R0+1, 1
0x014B	0x2950      	GOTO       L_end_abs
L_abs0:
;__Lib_CStdlib.c,40 :: 		
0x014C	0x0840      	MOVF       FARG_abs_a, 0
0x014D	0x00F0      	MOVWF      R0
0x014E	0x0841      	MOVF       FARG_abs_a+1, 0
0x014F	0x00F1      	MOVWF      R0+1
;__Lib_CStdlib.c,41 :: 		
L_end_abs:
0x0150	0x0008      	RETURN
; end of _abs
_Div_32x32_FP:
;__Lib_MathDouble.c,761 :: 		
;__Lib_MathDouble.c,773 :: 		
;__Lib_MathDouble.c,776 :: 		
0x0151	0x1283      	BCF        STATUS, 5
0x0152	0x1303      	BCF        STATUS, 6
0x0153	0x0874      	MOVF       R4, 0
0x0154	0x3A00      	XORLW      0
0x0155	0x1D03      	BTFSS      STATUS, 2
0x0156	0x296C      	GOTO       L_Div_32x32_FP7
;__Lib_MathDouble.c,777 :: 		
0x0157	0x0875      	MOVF       R5, 0
0x0158	0x3A00      	XORLW      0
0x0159	0x1D03      	BTFSS      STATUS, 2
0x015A	0x296C      	GOTO       L_Div_32x32_FP8
;__Lib_MathDouble.c,778 :: 		
0x015B	0x0876      	MOVF       R6, 0
0x015C	0x3A00      	XORLW      0
0x015D	0x1D03      	BTFSS      STATUS, 2
0x015E	0x296C      	GOTO       L_Div_32x32_FP9
;__Lib_MathDouble.c,779 :: 		
0x015F	0x0877      	MOVF       R7, 0
0x0160	0x3A00      	XORLW      0
0x0161	0x1D03      	BTFSS      STATUS, 2
0x0162	0x296C      	GOTO       L_Div_32x32_FP10
;__Lib_MathDouble.c,780 :: 		
0x0163	0x30FF      	MOVLW      255
0x0164	0x00F0      	MOVWF      R0
;__Lib_MathDouble.c,781 :: 		
0x0165	0x30FF      	MOVLW      255
0x0166	0x00F1      	MOVWF      R1
;__Lib_MathDouble.c,782 :: 		
0x0167	0x307F      	MOVLW      127
0x0168	0x00F2      	MOVWF      R2
;__Lib_MathDouble.c,783 :: 		
0x0169	0x30FF      	MOVLW      255
0x016A	0x00F3      	MOVWF      R3
;__Lib_MathDouble.c,784 :: 		
0x016B	0x2A07      	GOTO       L_end_Div_32x32_FP
;__Lib_MathDouble.c,785 :: 		
L_Div_32x32_FP10:
L_Div_32x32_FP9:
L_Div_32x32_FP8:
L_Div_32x32_FP7:
;__Lib_MathDouble.c,788 :: 		
0x016C	0x1283      	BCF        STATUS, 5
;__Lib_MathDouble.c,789 :: 		
0x016D	0x1303      	BCF        STATUS, 6
;__Lib_MathDouble.c,791 :: 		
0x016E	0x0877      	MOVF       R7, 0
;__Lib_MathDouble.c,792 :: 		
0x016F	0x1903      	BTFSC      STATUS, 2
;__Lib_MathDouble.c,793 :: 		
0x0170	0x29FB      	GOTO       JPDSETFDZ32
;__Lib_MathDouble.c,795 :: 		
0x0171	0x0873      	MOVF       R3, 0
;__Lib_MathDouble.c,796 :: 		
0x0172	0x1903      	BTFSC      STATUS, 2
;__Lib_MathDouble.c,797 :: 		
0x0173	0x29FE      	GOTO       JPDRES032
;__Lib_MathDouble.c,799 :: 		
0x0174	0x0872      	MOVF       R2, 0
;__Lib_MathDouble.c,800 :: 		
0x0175	0x0676      	XORWF      R6, 0
;__Lib_MathDouble.c,801 :: 		
0x0176	0x3980      	ANDLW      128
;__Lib_MathDouble.c,802 :: 		
0x0177	0x00FA      	MOVWF      R10
;__Lib_MathDouble.c,803 :: 		
0x0178	0x17F2      	BSF        R2, 7
;__Lib_MathDouble.c,804 :: 		
0x0179	0x17F6      	BSF        R6, 7
;__Lib_MathDouble.c,806 :: 		
0x017A	0x01A0      	CLRF       __math_tempbD
;__Lib_MathDouble.c,807 :: 		
0x017B	0x0872      	MOVF       R2, 0
;__Lib_MathDouble.c,808 :: 		
0x017C	0x00F8      	MOVWF      R8
;__Lib_MathDouble.c,809 :: 		
0x017D	0x0871      	MOVF       R1, 0
;__Lib_MathDouble.c,810 :: 		
0x017E	0x00FC      	MOVWF      R12
;__Lib_MathDouble.c,811 :: 		
0x017F	0x0870      	MOVF       R0, 0
;__Lib_MathDouble.c,812 :: 		
0x0180	0x00FD      	MOVWF      R13
;__Lib_MathDouble.c,814 :: 		
0x0181	0x0874      	MOVF       R4, 0
;__Lib_MathDouble.c,815 :: 		
0x0182	0x02FD      	SUBWF      R13, 1
;__Lib_MathDouble.c,816 :: 		
0x0183	0x0875      	MOVF       R5, 0
;__Lib_MathDouble.c,817 :: 		
0x0184	0x1C03      	BTFSS      STATUS, 0
;__Lib_MathDouble.c,818 :: 		
0x0185	0x0F75      	INCFSZ     R5, 0
;__Lib_MathDouble.c,820 :: 		
0x0186	0x02FC      	SUBWF      R12, 1
;__Lib_MathDouble.c,821 :: 		
0x0187	0x0876      	MOVF       R6, 0
;__Lib_MathDouble.c,822 :: 		
0x0188	0x1C03      	BTFSS      STATUS, 0
;__Lib_MathDouble.c,823 :: 		
0x0189	0x0F76      	INCFSZ     R6, 0
;__Lib_MathDouble.c,825 :: 		
0x018A	0x02F8      	SUBWF      R8, 1
;__Lib_MathDouble.c,826 :: 		
0x018B	0x01F8      	CLRF       R8
;__Lib_MathDouble.c,827 :: 		
0x018C	0x01FC      	CLRF       R12
;__Lib_MathDouble.c,828 :: 		
0x018D	0x01FD      	CLRF       R13
;__Lib_MathDouble.c,829 :: 		
0x018E	0x1C03      	BTFSS      STATUS, 0
;__Lib_MathDouble.c,830 :: 		
0x018F	0x2997      	GOTO       DALIGN32OK
;__Lib_MathDouble.c,832 :: 		
0x0190	0x1003      	BCF        STATUS, 0
;__Lib_MathDouble.c,833 :: 		
0x0191	0x0CF2      	RRF        R2, 1
;__Lib_MathDouble.c,834 :: 		
0x0192	0x0CF1      	RRF        R1, 1
;__Lib_MathDouble.c,835 :: 		
0x0193	0x0CF0      	RRF        R0, 1
;__Lib_MathDouble.c,836 :: 		
0x0194	0x0CF8      	RRF        R8, 1
;__Lib_MathDouble.c,837 :: 		
0x0195	0x3001      	MOVLW      1
;__Lib_MathDouble.c,838 :: 		
0x0196	0x00A0      	MOVWF      __math_tempbD
;__Lib_MathDouble.c,839 :: 		
DALIGN32OK:
;__Lib_MathDouble.c,840 :: 		
0x0197	0x0877      	MOVF       R7, 0
;__Lib_MathDouble.c,841 :: 		
0x0198	0x02F3      	SUBWF      R3, 1
;__Lib_MathDouble.c,842 :: 		
0x0199	0x1C03      	BTFSS      STATUS, 0
;__Lib_MathDouble.c,843 :: 		
0x019A	0x29A1      	GOTO       ALTB32
;__Lib_MathDouble.c,845 :: 		
0x019B	0x307E      	MOVLW      126
;__Lib_MathDouble.c,846 :: 		
0x019C	0x0720      	ADDWF      __math_tempbD, 0
;__Lib_MathDouble.c,847 :: 		
0x019D	0x07F3      	ADDWF      R3, 1
;__Lib_MathDouble.c,848 :: 		
0x019E	0x1803      	BTFSC      STATUS, 0
;__Lib_MathDouble.c,849 :: 		
0x019F	0x2A01      	GOTO       JPDSETFOV32
;__Lib_MathDouble.c,850 :: 		
0x01A0	0x29A6      	GOTO       DARGOK32
;__Lib_MathDouble.c,851 :: 		
ALTB32:
;__Lib_MathDouble.c,852 :: 		
0x01A1	0x307E      	MOVLW      126
;__Lib_MathDouble.c,853 :: 		
0x01A2	0x0720      	ADDWF      __math_tempbD, 0
;__Lib_MathDouble.c,854 :: 		
0x01A3	0x07F3      	ADDWF      R3, 1
;__Lib_MathDouble.c,855 :: 		
0x01A4	0x1C03      	BTFSS      STATUS, 0
;__Lib_MathDouble.c,856 :: 		
0x01A5	0x2A04      	GOTO       JPDSETFUN32
;__Lib_MathDouble.c,857 :: 		
DARGOK32:
;__Lib_MathDouble.c,858 :: 		
0x01A6	0x3018      	MOVLW      24
;__Lib_MathDouble.c,860 :: 		
0x01A7	0x07FA      	ADDWF      R10, 1
;__Lib_MathDouble.c,861 :: 		
DLOOP32:
;__Lib_MathDouble.c,862 :: 		
0x01A8	0x0DFD      	RLF        R13, 1
;__Lib_MathDouble.c,863 :: 		
0x01A9	0x0DFC      	RLF        R12, 1
;__Lib_MathDouble.c,864 :: 		
0x01AA	0x0DF8      	RLF        R8, 1
;__Lib_MathDouble.c,865 :: 		
0x01AB	0x0DF0      	RLF        R0, 1
;__Lib_MathDouble.c,866 :: 		
0x01AC	0x0DF1      	RLF        R1, 1
;__Lib_MathDouble.c,867 :: 		
0x01AD	0x0DF2      	RLF        R2, 1
;__Lib_MathDouble.c,868 :: 		
0x01AE	0x0DA0      	RLF        __math_tempbD, 1
;__Lib_MathDouble.c,870 :: 		
0x01AF	0x0874      	MOVF       R4, 0
;__Lib_MathDouble.c,871 :: 		
0x01B0	0x02F0      	SUBWF      R0, 1
;__Lib_MathDouble.c,872 :: 		
0x01B1	0x0875      	MOVF       R5, 0
;__Lib_MathDouble.c,873 :: 		
0x01B2	0x1C03      	BTFSS      STATUS, 0
;__Lib_MathDouble.c,874 :: 		
0x01B3	0x0F75      	INCFSZ     R5, 0
;__Lib_MathDouble.c,876 :: 		
0x01B4	0x02F1      	SUBWF      R1, 1
;__Lib_MathDouble.c,877 :: 		
0x01B5	0x0876      	MOVF       R6, 0
;__Lib_MathDouble.c,878 :: 		
0x01B6	0x1C03      	BTFSS      STATUS, 0
;__Lib_MathDouble.c,879 :: 		
0x01B7	0x0F76      	INCFSZ     R6, 0
;__Lib_MathDouble.c,881 :: 		
0x01B8	0x02F2      	SUBWF      R2, 1
;__Lib_MathDouble.c,882 :: 		
0x01B9	0x0D76      	RLF        R6, 0
;__Lib_MathDouble.c,883 :: 		
0x01BA	0x04A0      	IORWF      __math_tempbD, 1
;__Lib_MathDouble.c,884 :: 		
0x01BB	0x1C20      	BTFSS      __math_tempbD, 0
;__Lib_MathDouble.c,885 :: 		
0x01BC	0x29BF      	GOTO       DREST32
;__Lib_MathDouble.c,886 :: 		
0x01BD	0x147D      	BSF        R13, 0
;__Lib_MathDouble.c,887 :: 		
0x01BE	0x29CA      	GOTO       DOK32
;__Lib_MathDouble.c,888 :: 		
DREST32:
;__Lib_MathDouble.c,889 :: 		
0x01BF	0x0874      	MOVF       R4, 0
;__Lib_MathDouble.c,890 :: 		
0x01C0	0x07F0      	ADDWF      R0, 1
;__Lib_MathDouble.c,891 :: 		
0x01C1	0x0875      	MOVF       R5, 0
;__Lib_MathDouble.c,892 :: 		
0x01C2	0x1803      	BTFSC      STATUS, 0
;__Lib_MathDouble.c,893 :: 		
0x01C3	0x0F75      	INCFSZ     R5, 0
;__Lib_MathDouble.c,895 :: 		
0x01C4	0x07F1      	ADDWF      R1, 1
;__Lib_MathDouble.c,896 :: 		
0x01C5	0x0876      	MOVF       R6, 0
;__Lib_MathDouble.c,897 :: 		
0x01C6	0x1803      	BTFSC      STATUS, 0
;__Lib_MathDouble.c,898 :: 		
0x01C7	0x0A76      	INCF       R6, 0
;__Lib_MathDouble.c,899 :: 		
0x01C8	0x07F2      	ADDWF      R2, 1
;__Lib_MathDouble.c,900 :: 		
0x01C9	0x107D      	BCF        R13, 0
;__Lib_MathDouble.c,901 :: 		
DOK32:
;__Lib_MathDouble.c,903 :: 		
0x01CA	0x03FA      	DECF       R10, 1
;__Lib_MathDouble.c,904 :: 		
0x01CB	0x301F      	MOVLW      31
;__Lib_MathDouble.c,905 :: 		
0x01CC	0x057A      	ANDWF      R10, 0
;__Lib_MathDouble.c,906 :: 		
0x01CD	0x1D03      	BTFSS      STATUS, 2
;__Lib_MathDouble.c,907 :: 		
0x01CE	0x29A8      	GOTO       DLOOP32
;__Lib_MathDouble.c,909 :: 		
0x01CF	0x1B7B      	BTFSC      R11, 6
;__Lib_MathDouble.c,910 :: 		
0x01D0	0x1C7D      	BTFSS      R13, 0
;__Lib_MathDouble.c,911 :: 		
0x01D1	0x29F1      	GOTO       DIV32OK
;__Lib_MathDouble.c,912 :: 		
0x01D2	0x1003      	BCF        STATUS, 0
;__Lib_MathDouble.c,913 :: 		
0x01D3	0x0DF0      	RLF        R0, 1
;__Lib_MathDouble.c,914 :: 		
0x01D4	0x0DF1      	RLF        R1, 1
;__Lib_MathDouble.c,915 :: 		
0x01D5	0x0DF2      	RLF        R2, 1
;__Lib_MathDouble.c,916 :: 		
0x01D6	0x0DA0      	RLF        __math_tempbD, 1
;__Lib_MathDouble.c,918 :: 		
0x01D7	0x0874      	MOVF       R4, 0
;__Lib_MathDouble.c,919 :: 		
0x01D8	0x02F0      	SUBWF      R0, 1
;__Lib_MathDouble.c,920 :: 		
0x01D9	0x0875      	MOVF       R5, 0
;__Lib_MathDouble.c,921 :: 		
0x01DA	0x1C03      	BTFSS      STATUS, 0
;__Lib_MathDouble.c,922 :: 		
0x01DB	0x0F75      	INCFSZ     R5, 0
;__Lib_MathDouble.c,923 :: 		
0x01DC	0x02F1      	SUBWF      R1, 1
;__Lib_MathDouble.c,924 :: 		
0x01DD	0x0876      	MOVF       R6, 0
;__Lib_MathDouble.c,925 :: 		
0x01DE	0x1C03      	BTFSS      STATUS, 0
;__Lib_MathDouble.c,926 :: 		
0x01DF	0x0F76      	INCFSZ     R6, 0
;__Lib_MathDouble.c,927 :: 		
0x01E0	0x02F2      	SUBWF      R2, 1
;__Lib_MathDouble.c,928 :: 		
0x01E1	0x0D76      	RLF        R6, 0
;__Lib_MathDouble.c,929 :: 		
0x01E2	0x0420      	IORWF      __math_tempbD, 0
;__Lib_MathDouble.c,930 :: 		
0x01E3	0x3901      	ANDLW      1
;__Lib_MathDouble.c,931 :: 		
0x01E4	0x07FD      	ADDWF      R13, 1
;__Lib_MathDouble.c,932 :: 		
0x01E5	0x1803      	BTFSC      STATUS, 0
;__Lib_MathDouble.c,933 :: 		
0x01E6	0x0AFC      	INCF       R12, 1
;__Lib_MathDouble.c,934 :: 		
0x01E7	0x1903      	BTFSC      STATUS, 2
;__Lib_MathDouble.c,935 :: 		
0x01E8	0x0AF8      	INCF       R8, 1
;__Lib_MathDouble.c,936 :: 		
0x01E9	0x1D03      	BTFSS      STATUS, 2
;__Lib_MathDouble.c,937 :: 		
0x01EA	0x29F1      	GOTO       DIV32OK
;__Lib_MathDouble.c,938 :: 		
0x01EB	0x0CF8      	RRF        R8, 1
;__Lib_MathDouble.c,939 :: 		
0x01EC	0x0CFC      	RRF        R12, 1
;__Lib_MathDouble.c,940 :: 		
0x01ED	0x0CFD      	RRF        R13, 1
;__Lib_MathDouble.c,941 :: 		
0x01EE	0x0AF3      	INCF       R3, 1
;__Lib_MathDouble.c,942 :: 		
0x01EF	0x1903      	BTFSC      STATUS, 2
;__Lib_MathDouble.c,943 :: 		
0x01F0	0x2A01      	GOTO       JPDSETFOV32
;__Lib_MathDouble.c,944 :: 		
DIV32OK:
;__Lib_MathDouble.c,945 :: 		
0x01F1	0x1FFA      	BTFSS      R10, 7
;__Lib_MathDouble.c,946 :: 		
0x01F2	0x13F8      	BCF        R8, 7
;__Lib_MathDouble.c,947 :: 		
0x01F3	0x0878      	MOVF       R8, 0
;__Lib_MathDouble.c,948 :: 		
0x01F4	0x00F2      	MOVWF      R2
;__Lib_MathDouble.c,949 :: 		
0x01F5	0x087C      	MOVF       R12, 0
;__Lib_MathDouble.c,950 :: 		
0x01F6	0x00F1      	MOVWF      R1
;__Lib_MathDouble.c,951 :: 		
0x01F7	0x087D      	MOVF       R13, 0
;__Lib_MathDouble.c,952 :: 		
0x01F8	0x00F0      	MOVWF      R0
;__Lib_MathDouble.c,954 :: 		
0x01F9	0x3000      	MOVLW      0
;__Lib_MathDouble.c,956 :: 		
0x01FA	0x2A06      	GOTO       DIV32EEE
;__Lib_MathDouble.c,957 :: 		
JPDSETFDZ32:
;__Lib_MathDouble.c,958 :: 		
0x01FB	0x3001      	MOVLW      1
;__Lib_MathDouble.c,961 :: 		
0x01FC	0x2104      	CALL       _SETFDZ32
;__Lib_MathDouble.c,963 :: 		
0x01FD	0x2A06      	GOTO       DIV32EEE
;__Lib_MathDouble.c,964 :: 		
JPDRES032:
;__Lib_MathDouble.c,965 :: 		
0x01FE	0x3002      	MOVLW      2
;__Lib_MathDouble.c,968 :: 		
0x01FF	0x207F      	CALL       _RES032
;__Lib_MathDouble.c,970 :: 		
0x0200	0x2A06      	GOTO       DIV32EEE
;__Lib_MathDouble.c,971 :: 		
JPDSETFOV32:
;__Lib_MathDouble.c,972 :: 		
0x0201	0x3004      	MOVLW      4
;__Lib_MathDouble.c,975 :: 		
0x0202	0x2073      	CALL       _SETFOV32
;__Lib_MathDouble.c,977 :: 		
0x0203	0x2A06      	GOTO       DIV32EEE
;__Lib_MathDouble.c,978 :: 		
JPDSETFUN32:
;__Lib_MathDouble.c,979 :: 		
0x0204	0x3008      	MOVLW      8
;__Lib_MathDouble.c,982 :: 		
0x0205	0x2086      	CALL       _SETFUN32
;__Lib_MathDouble.c,984 :: 		
DIV32EEE:
;__Lib_MathDouble.c,985 :: 		
0x0206	0x0000      	NOP
;__Lib_MathDouble.c,994 :: 		
L_end_Div_32x32_FP:
0x0207	0x0008      	RETURN
; end of _Div_32x32_FP
_byte2double:
;__Lib_MathDouble.c,1778 :: 		
;__Lib_MathDouble.c,1785 :: 		
0x0208	0x1283      	BCF        STATUS, 5
;__Lib_MathDouble.c,1786 :: 		
0x0209	0x1303      	BCF        STATUS, 6
;__Lib_MathDouble.c,1788 :: 		
0x020A	0x0870      	MOVF       R0, 0
;__Lib_MathDouble.c,1789 :: 		
0x020B	0x00F8      	MOVWF      R8
;__Lib_MathDouble.c,1791 :: 		
0x020C	0x01FB      	CLRF       R11
;__Lib_MathDouble.c,1792 :: 		
0x020D	0x01FC      	CLRF       R12
;__Lib_MathDouble.c,1794 :: 		
0x020E	0x309E      	MOVLW      158
;__Lib_MathDouble.c,1795 :: 		
0x020F	0x00F3      	MOVWF      R3
;__Lib_MathDouble.c,1796 :: 		
0x0210	0x01FA      	CLRF       R10
;__Lib_MathDouble.c,1797 :: 		
0x0211	0x01F2      	CLRF       R2
;__Lib_MathDouble.c,1798 :: 		
0x0212	0x01F1      	CLRF       R1
;__Lib_MathDouble.c,1799 :: 		
0x0213	0x01F0      	CLRF       R0
;__Lib_MathDouble.c,1800 :: 		
0x0214	0x3002      	MOVLW      2
;__Lib_MathDouble.c,1801 :: 		
0x0215	0x00FC      	MOVWF      R12
;__Lib_MathDouble.c,1803 :: 		
0x0216	0x2096      	CALL       _NRM4032
;__Lib_MathDouble.c,1804 :: 		
L_end_byte2double:
0x0217	0x0008      	RETURN
; end of _byte2double
_Mul_32x32_FP:
;__Lib_MathDouble.c,610 :: 		
;__Lib_MathDouble.c,622 :: 		
;__Lib_MathDouble.c,624 :: 		
0x0218	0x1283      	BCF        STATUS, 5
;__Lib_MathDouble.c,625 :: 		
0x0219	0x1303      	BCF        STATUS, 6
;__Lib_MathDouble.c,627 :: 		
0x021A	0x01FB      	CLRF       R11
;__Lib_MathDouble.c,628 :: 		
0x021B	0x0873      	MOVF       R3, 0
;__Lib_MathDouble.c,629 :: 		
0x021C	0x1D03      	BTFSS      STATUS, 2
;__Lib_MathDouble.c,630 :: 		
0x021D	0x0877      	MOVF       R7, 0
;__Lib_MathDouble.c,631 :: 		
0x021E	0x1903      	BTFSC      STATUS, 2
;__Lib_MathDouble.c,632 :: 		
0x021F	0x2A6F      	GOTO       JPMRES032
;__Lib_MathDouble.c,634 :: 		
0x0220	0x0872      	MOVF       R2, 0
;__Lib_MathDouble.c,635 :: 		
0x0221	0x0676      	XORWF      R6, 0
;__Lib_MathDouble.c,636 :: 		
0x0222	0x00FA      	MOVWF      R10
;__Lib_MathDouble.c,637 :: 		
0x0223	0x0877      	MOVF       R7, 0
;__Lib_MathDouble.c,638 :: 		
0x0224	0x07F3      	ADDWF      R3, 1
;__Lib_MathDouble.c,639 :: 		
0x0225	0x307E      	MOVLW      126
;__Lib_MathDouble.c,640 :: 		
0x0226	0x1C03      	BTFSS      STATUS, 0
;__Lib_MathDouble.c,641 :: 		
0x0227	0x2A2C      	GOTO       MTUN32
;__Lib_MathDouble.c,642 :: 		
0x0228	0x02F3      	SUBWF      R3, 1
;__Lib_MathDouble.c,643 :: 		
0x0229	0x1803      	BTFSC      STATUS, 0
;__Lib_MathDouble.c,644 :: 		
0x022A	0x2A72      	GOTO       JPMSETFOV32
;__Lib_MathDouble.c,645 :: 		
0x022B	0x2A2F      	GOTO       MOK32
;__Lib_MathDouble.c,646 :: 		
MTUN32:
;__Lib_MathDouble.c,647 :: 		
0x022C	0x02F3      	SUBWF      R3, 1
;__Lib_MathDouble.c,648 :: 		
0x022D	0x1C03      	BTFSS      STATUS, 0
;__Lib_MathDouble.c,649 :: 		
0x022E	0x2A75      	GOTO       JPMSETFUN32
;__Lib_MathDouble.c,650 :: 		
MOK32:
;__Lib_MathDouble.c,651 :: 		
0x022F	0x0872      	MOVF       R2, 0
;__Lib_MathDouble.c,652 :: 		
0x0230	0x00F8      	MOVWF      R8
;__Lib_MathDouble.c,653 :: 		
0x0231	0x0871      	MOVF       R1, 0
;__Lib_MathDouble.c,654 :: 		
0x0232	0x00FC      	MOVWF      R12
;__Lib_MathDouble.c,655 :: 		
0x0233	0x0870      	MOVF       R0, 0
;__Lib_MathDouble.c,656 :: 		
0x0234	0x00FD      	MOVWF      R13
;__Lib_MathDouble.c,657 :: 		
0x0235	0x17F8      	BSF        R8, 7
;__Lib_MathDouble.c,658 :: 		
0x0236	0x17F6      	BSF        R6, 7
;__Lib_MathDouble.c,659 :: 		
0x0237	0x1003      	BCF        STATUS, 0
;__Lib_MathDouble.c,660 :: 		
0x0238	0x01F2      	CLRF       R2
;__Lib_MathDouble.c,661 :: 		
0x0239	0x01F1      	CLRF       R1
;__Lib_MathDouble.c,662 :: 		
0x023A	0x01F0      	CLRF       R0
;__Lib_MathDouble.c,663 :: 		
0x023B	0x3018      	MOVLW      24
;__Lib_MathDouble.c,664 :: 		
0x023C	0x00A0      	MOVWF      __math_tempbD
;__Lib_MathDouble.c,665 :: 		
MLOOP32:
;__Lib_MathDouble.c,666 :: 		
0x023D	0x1C7D      	BTFSS      R13, 0
;__Lib_MathDouble.c,667 :: 		
0x023E	0x2A49      	GOTO       MNOADD32
;__Lib_MathDouble.c,669 :: 		
0x023F	0x0874      	MOVF       R4, 0
;__Lib_MathDouble.c,670 :: 		
0x0240	0x07F0      	ADDWF      R0, 1
;__Lib_MathDouble.c,671 :: 		
0x0241	0x0875      	MOVF       R5, 0
;__Lib_MathDouble.c,672 :: 		
0x0242	0x1803      	BTFSC      STATUS, 0
;__Lib_MathDouble.c,673 :: 		
0x0243	0x0F75      	INCFSZ     R5, 0
;__Lib_MathDouble.c,674 :: 		
0x0244	0x07F1      	ADDWF      R1, 1
;__Lib_MathDouble.c,675 :: 		
0x0245	0x0876      	MOVF       R6, 0
;__Lib_MathDouble.c,676 :: 		
0x0246	0x1803      	BTFSC      STATUS, 0
;__Lib_MathDouble.c,677 :: 		
0x0247	0x0F76      	INCFSZ     R6, 0
;__Lib_MathDouble.c,678 :: 		
0x0248	0x07F2      	ADDWF      R2, 1
;__Lib_MathDouble.c,679 :: 		
MNOADD32:
;__Lib_MathDouble.c,680 :: 		
0x0249	0x0CF2      	RRF        R2, 1
;__Lib_MathDouble.c,681 :: 		
0x024A	0x0CF1      	RRF        R1, 1
;__Lib_MathDouble.c,682 :: 		
0x024B	0x0CF0      	RRF        R0, 1
;__Lib_MathDouble.c,683 :: 		
0x024C	0x0CF8      	RRF        R8, 1
;__Lib_MathDouble.c,684 :: 		
0x024D	0x0CFC      	RRF        R12, 1
;__Lib_MathDouble.c,685 :: 		
0x024E	0x0CFD      	RRF        R13, 1
;__Lib_MathDouble.c,686 :: 		
0x024F	0x1003      	BCF        STATUS, 0
;__Lib_MathDouble.c,687 :: 		
0x0250	0x0BA0      	DECFSZ     __math_tempbD, 1
;__Lib_MathDouble.c,688 :: 		
0x0251	0x2A3D      	GOTO       MLOOP32
;__Lib_MathDouble.c,689 :: 		
0x0252	0x1BF2      	BTFSC      R2, 7
;__Lib_MathDouble.c,690 :: 		
0x0253	0x2A59      	GOTO       MROUND32
;__Lib_MathDouble.c,691 :: 		
0x0254	0x0DF8      	RLF        R8, 1
;__Lib_MathDouble.c,692 :: 		
0x0255	0x0DF0      	RLF        R0, 1
;__Lib_MathDouble.c,693 :: 		
0x0256	0x0DF1      	RLF        R1, 1
;__Lib_MathDouble.c,694 :: 		
0x0257	0x0DF2      	RLF        R2, 1
;__Lib_MathDouble.c,695 :: 		
0x0258	0x03F3      	DECF       R3, 1
;__Lib_MathDouble.c,696 :: 		
MROUND32:
;__Lib_MathDouble.c,697 :: 		
0x0259	0x1B7B      	BTFSC      R11, 6
;__Lib_MathDouble.c,698 :: 		
0x025A	0x1C70      	BTFSS      R0, 0
;__Lib_MathDouble.c,699 :: 		
0x025B	0x2A6B      	GOTO       MUL32OK
;__Lib_MathDouble.c,700 :: 		
0x025C	0x1FF8      	BTFSS      R8, 7
;__Lib_MathDouble.c,701 :: 		
0x025D	0x2A6B      	GOTO       MUL32OK
;__Lib_MathDouble.c,702 :: 		
0x025E	0x0AF0      	INCF       R0, 1
;__Lib_MathDouble.c,703 :: 		
0x025F	0x1903      	BTFSC      STATUS, 2
;__Lib_MathDouble.c,704 :: 		
0x0260	0x0AF1      	INCF       R1, 1
;__Lib_MathDouble.c,705 :: 		
0x0261	0x1903      	BTFSC      STATUS, 2
;__Lib_MathDouble.c,706 :: 		
0x0262	0x0AF2      	INCF       R2, 1
;__Lib_MathDouble.c,707 :: 		
0x0263	0x1D03      	BTFSS      STATUS, 2
;__Lib_MathDouble.c,708 :: 		
0x0264	0x2A6B      	GOTO       MUL32OK
;__Lib_MathDouble.c,709 :: 		
0x0265	0x0CF2      	RRF        R2, 1
;__Lib_MathDouble.c,710 :: 		
0x0266	0x0CF1      	RRF        R1, 1
;__Lib_MathDouble.c,711 :: 		
0x0267	0x0CF0      	RRF        R0, 1
;__Lib_MathDouble.c,712 :: 		
0x0268	0x0AF3      	INCF       R3, 1
;__Lib_MathDouble.c,713 :: 		
0x0269	0x1903      	BTFSC      STATUS, 2
;__Lib_MathDouble.c,714 :: 		
0x026A	0x2A72      	GOTO       JPMSETFOV32
;__Lib_MathDouble.c,715 :: 		
MUL32OK:
;__Lib_MathDouble.c,716 :: 		
0x026B	0x1FFA      	BTFSS      R10, 7
;__Lib_MathDouble.c,717 :: 		
0x026C	0x13F2      	BCF        R2, 7
;__Lib_MathDouble.c,718 :: 		
0x026D	0x3000      	MOVLW      0
;__Lib_MathDouble.c,720 :: 		
0x026E	0x2A77      	GOTO       MUL32EEE
;__Lib_MathDouble.c,721 :: 		
JPMRES032:
;__Lib_MathDouble.c,722 :: 		
0x026F	0x3001      	MOVLW      1
;__Lib_MathDouble.c,725 :: 		
0x0270	0x207F      	CALL       _RES032
;__Lib_MathDouble.c,727 :: 		
0x0271	0x2A77      	GOTO       MUL32EEE
;__Lib_MathDouble.c,728 :: 		
JPMSETFOV32:
;__Lib_MathDouble.c,729 :: 		
0x0272	0x3002      	MOVLW      2
;__Lib_MathDouble.c,732 :: 		
0x0273	0x2073      	CALL       _SETFOV32
;__Lib_MathDouble.c,734 :: 		
0x0274	0x2A77      	GOTO       MUL32EEE
;__Lib_MathDouble.c,735 :: 		
JPMSETFUN32:
;__Lib_MathDouble.c,736 :: 		
0x0275	0x3004      	MOVLW      4
;__Lib_MathDouble.c,739 :: 		
0x0276	0x2086      	CALL       _SETFUN32
;__Lib_MathDouble.c,741 :: 		
MUL32EEE:
;__Lib_MathDouble.c,742 :: 		
0x0277	0x0000      	NOP
;__Lib_MathDouble.c,749 :: 		
L_end_Mul_32x32_FP:
0x0278	0x0008      	RETURN
; end of _Mul_32x32_FP
_int2double:
;__Lib_MathDouble.c,1812 :: 		
;__Lib_MathDouble.c,1818 :: 		
0x0279	0x1283      	BCF        STATUS, 5
;__Lib_MathDouble.c,1819 :: 		
0x027A	0x1303      	BCF        STATUS, 6
;__Lib_MathDouble.c,1820 :: 		
0x027B	0x0870      	MOVF       R0, 0
;__Lib_MathDouble.c,1821 :: 		
0x027C	0x00F8      	MOVWF      R8
;__Lib_MathDouble.c,1822 :: 		
0x027D	0x0871      	MOVF       R1, 0
;__Lib_MathDouble.c,1823 :: 		
0x027E	0x00F0      	MOVWF      R0
;__Lib_MathDouble.c,1824 :: 		
0x027F	0x01F1      	CLRF       R1
;__Lib_MathDouble.c,1825 :: 		
0x0280	0x01F2      	CLRF       R2
;__Lib_MathDouble.c,1826 :: 		
0x0281	0x01F3      	CLRF       R3
;__Lib_MathDouble.c,1829 :: 		
0x0282	0x01FB      	CLRF       R11
;__Lib_MathDouble.c,1830 :: 		
0x0283	0x01FC      	CLRF       R12
;__Lib_MathDouble.c,1832 :: 		
0x0284	0x3096      	MOVLW      150
;__Lib_MathDouble.c,1833 :: 		
0x0285	0x00F3      	MOVWF      R3
;__Lib_MathDouble.c,1834 :: 		
0x0286	0x01FA      	CLRF       R10
;__Lib_MathDouble.c,1835 :: 		
0x0287	0x1FF0      	BTFSS      R0, 7
;__Lib_MathDouble.c,1836 :: 		
0x0288	0x2A8F      	GOTO       FLO1632EEE
;__Lib_MathDouble.c,1838 :: 		
0x0289	0x09F8      	COMF       R8, 1
;__Lib_MathDouble.c,1839 :: 		
0x028A	0x09F0      	COMF       R0, 1
;__Lib_MathDouble.c,1841 :: 		
0x028B	0x0AF8      	INCF       R8, 1
;__Lib_MathDouble.c,1842 :: 		
0x028C	0x1903      	BTFSC      STATUS, 2
;__Lib_MathDouble.c,1843 :: 		
0x028D	0x0AF0      	INCF       R0, 1
;__Lib_MathDouble.c,1845 :: 		
0x028E	0x17FA      	BSF        R10, 7
;__Lib_MathDouble.c,1846 :: 		
FLO1632EEE:
;__Lib_MathDouble.c,1847 :: 		
0x028F	0x0870      	MOVF       R0, 0
;__Lib_MathDouble.c,1848 :: 		
0x0290	0x00F1      	MOVWF      R1
;__Lib_MathDouble.c,1849 :: 		
0x0291	0x0878      	MOVF       R8, 0
;__Lib_MathDouble.c,1850 :: 		
0x0292	0x00F0      	MOVWF      R0
;__Lib_MathDouble.c,1851 :: 		
0x0293	0x01F8      	CLRF       R8
;__Lib_MathDouble.c,1852 :: 		
0x0294	0x01F2      	CLRF       R2
;__Lib_MathDouble.c,1854 :: 		
0x0295	0x2107      	CALL       _NRM3232
;__Lib_MathDouble.c,1855 :: 		
L_end_int2double:
0x0296	0x0008      	RETURN
; end of _int2double
_double2byte:
;__Lib_MathDouble.c,1670 :: 		
;__Lib_MathDouble.c,1677 :: 		
0x0297	0x1283      	BCF        STATUS, 5
;__Lib_MathDouble.c,1678 :: 		
0x0298	0x1303      	BCF        STATUS, 6
;__Lib_MathDouble.c,1680 :: 		
0x0299	0x01FB      	CLRF       R11
;__Lib_MathDouble.c,1681 :: 		
0x029A	0x01FC      	CLRF       R12
;__Lib_MathDouble.c,1682 :: 		
0x029B	0x01FA      	CLRF       R10
;__Lib_MathDouble.c,1684 :: 		
0x029C	0x0873      	MOVF       R3, 0
;__Lib_MathDouble.c,1685 :: 		
0x029D	0x1903      	BTFSC      STATUS, 2
;__Lib_MathDouble.c,1686 :: 		
0x029E	0x2AC4      	GOTO       IRES008
;__Lib_MathDouble.c,1688 :: 		
0x029F	0x13FA      	BCF        R10, 7
;__Lib_MathDouble.c,1689 :: 		
0x02A0	0x17F2      	BSF        R2, 7
;__Lib_MathDouble.c,1691 :: 		
0x02A1	0x3086      	MOVLW      134
;__Lib_MathDouble.c,1692 :: 		
0x02A2	0x02F3      	SUBWF      R3, 1
;__Lib_MathDouble.c,1693 :: 		
0x02A3	0x1BF3      	BTFSC      R3, 7
;__Lib_MathDouble.c,1694 :: 		
0x02A4	0x2AA8      	GOTO       SETEXP08
;__Lib_MathDouble.c,1695 :: 		
0x02A5	0x1903      	BTFSC      STATUS, 2
;__Lib_MathDouble.c,1696 :: 		
0x02A6	0x2AA8      	GOTO       SETEXP08
;__Lib_MathDouble.c,1697 :: 		
0x02A7	0x2AC6      	GOTO       SETIOV08
;__Lib_MathDouble.c,1698 :: 		
SETEXP08:
;__Lib_MathDouble.c,1699 :: 		
0x02A8	0x09F3      	COMF       R3, 1
;__Lib_MathDouble.c,1700 :: 		
0x02A9	0x0AF3      	INCF       R3, 1
;__Lib_MathDouble.c,1702 :: 		
0x02AA	0x3008      	MOVLW      8
;__Lib_MathDouble.c,1703 :: 		
0x02AB	0x0273      	SUBWF      R3, 0
;__Lib_MathDouble.c,1704 :: 		
0x02AC	0x1C03      	BTFSS      STATUS, 0
;__Lib_MathDouble.c,1705 :: 		
0x02AD	0x2AB5      	GOTO       TSHIFT3208
;__Lib_MathDouble.c,1706 :: 		
0x02AE	0x00F3      	MOVWF      R3
;__Lib_MathDouble.c,1707 :: 		
0x02AF	0x0DF2      	RLF        R2, 1
;__Lib_MathDouble.c,1708 :: 		
0x02B0	0x01F2      	CLRF       R2
;__Lib_MathDouble.c,1710 :: 		
0x02B1	0x0873      	MOVF       R3, 0
;__Lib_MathDouble.c,1711 :: 		
0x02B2	0x1D03      	BTFSS      STATUS, 2
;__Lib_MathDouble.c,1712 :: 		
0x02B3	0x1003      	BCF        STATUS, 0
;__Lib_MathDouble.c,1713 :: 		
0x02B4	0x2ABC      	GOTO       SHIFT3208OK
;__Lib_MathDouble.c,1714 :: 		
TSHIFT3208:
;__Lib_MathDouble.c,1715 :: 		
0x02B5	0x0873      	MOVF       R3, 0
;__Lib_MathDouble.c,1716 :: 		
0x02B6	0x1903      	BTFSC      STATUS, 2
;__Lib_MathDouble.c,1717 :: 		
0x02B7	0x2ABC      	GOTO       SHIFT3208OK
;__Lib_MathDouble.c,1718 :: 		
SHIFT3208:
;__Lib_MathDouble.c,1719 :: 		
0x02B8	0x1003      	BCF        STATUS, 0
;__Lib_MathDouble.c,1720 :: 		
0x02B9	0x0CF2      	RRF        R2, 1
;__Lib_MathDouble.c,1721 :: 		
0x02BA	0x0BF3      	DECFSZ     R3, 1
;__Lib_MathDouble.c,1722 :: 		
0x02BB	0x2AB8      	GOTO       SHIFT3208
;__Lib_MathDouble.c,1723 :: 		
SHIFT3208OK:
;__Lib_MathDouble.c,1724 :: 		
0x02BC	0x1B7B      	BTFSC      R11, 6
;__Lib_MathDouble.c,1725 :: 		
0x02BD	0x1C72      	BTFSS      R2, 0
;__Lib_MathDouble.c,1726 :: 		
0x02BE	0x2AC4      	GOTO       INT3208OK
;__Lib_MathDouble.c,1727 :: 		
0x02BF	0x1C03      	BTFSS      STATUS, 0
;__Lib_MathDouble.c,1728 :: 		
0x02C0	0x2AC4      	GOTO       INT3208OK
;__Lib_MathDouble.c,1729 :: 		
0x02C1	0x0AF2      	INCF       R2, 1
;__Lib_MathDouble.c,1730 :: 		
0x02C2	0x1903      	BTFSC      STATUS, 2
;__Lib_MathDouble.c,1731 :: 		
0x02C3	0x2ACB      	GOTO       D2B_JPKSETIOV3224
;__Lib_MathDouble.c,1732 :: 		
INT3208OK:
;__Lib_MathDouble.c,1733 :: 		
IRES008:
;__Lib_MathDouble.c,1734 :: 		
0x02C4	0x01F1      	CLRF       R1
;__Lib_MathDouble.c,1735 :: 		
0x02C5	0x2ACE      	GOTO       INT3208EOK
;__Lib_MathDouble.c,1736 :: 		
SETIOV08:
;__Lib_MathDouble.c,1737 :: 		
0x02C6	0x147B      	BSF        R11, 0
;__Lib_MathDouble.c,1738 :: 		
0x02C7	0x1FFB      	BTFSS      R11, 7
;__Lib_MathDouble.c,1739 :: 		
0x02C8	0x2AD1      	GOTO       INT3208EER
;__Lib_MathDouble.c,1741 :: 		
0x02C9	0x01F1      	CLRF       R1
;__Lib_MathDouble.c,1742 :: 		
0x02CA	0x2AD1      	GOTO       INT3208EER
;__Lib_MathDouble.c,1743 :: 		
D2B_JPKSETIOV3224:
;__Lib_MathDouble.c,1744 :: 		
0x02CB	0x3001      	MOVLW      1
;__Lib_MathDouble.c,1745 :: 		
0x02CC	0x00FC      	MOVWF      R12
;__Lib_MathDouble.c,1746 :: 		
0x02CD	0x2AD3      	GOTO       INT3208EEE
;__Lib_MathDouble.c,1747 :: 		
INT3208EOK:
;__Lib_MathDouble.c,1748 :: 		
0x02CE	0x3000      	MOVLW      0
;__Lib_MathDouble.c,1749 :: 		
0x02CF	0x00FC      	MOVWF      R12
;__Lib_MathDouble.c,1750 :: 		
0x02D0	0x2AD3      	GOTO       INT3208EEE
;__Lib_MathDouble.c,1751 :: 		
INT3208EER:
;__Lib_MathDouble.c,1752 :: 		
0x02D1	0x30FF      	MOVLW      255
;__Lib_MathDouble.c,1753 :: 		
0x02D2	0x00FC      	MOVWF      R12
;__Lib_MathDouble.c,1754 :: 		
INT3208EEE:
;__Lib_MathDouble.c,1757 :: 		
0x02D3	0x08FC      	MOVF       R12, 1
;__Lib_MathDouble.c,1759 :: 		
0x02D4	0x1903      	BTFSC      STATUS, 2
;__Lib_MathDouble.c,1760 :: 		
0x02D5	0x2AD7      	GOTO       L_Double2Byte_0
;__Lib_MathDouble.c,1762 :: 		
0x02D6	0x20F7      	CALL       _SETIOV3224
;__Lib_MathDouble.c,1764 :: 		
L_Double2Byte_0:
;__Lib_MathDouble.c,1765 :: 		
0x02D7	0x0872      	MOVF       R2, 0
;__Lib_MathDouble.c,1766 :: 		
0x02D8	0x00F0      	MOVWF      R0
;__Lib_MathDouble.c,1770 :: 		
L_end_double2byte:
0x02D9	0x0008      	RETURN
; end of _double2byte
_double2int:
;__Lib_MathDouble.c,1391 :: 		
;__Lib_MathDouble.c,1399 :: 		
0x02DA	0x1283      	BCF        STATUS, 5
;__Lib_MathDouble.c,1400 :: 		
0x02DB	0x1303      	BCF        STATUS, 6
;__Lib_MathDouble.c,1402 :: 		
0x02DC	0x01FB      	CLRF       R11
;__Lib_MathDouble.c,1403 :: 		
0x02DD	0x0873      	MOVF       R3, 0
;__Lib_MathDouble.c,1404 :: 		
0x02DE	0x1903      	BTFSC      STATUS, 2
;__Lib_MathDouble.c,1405 :: 		
0x02DF	0x2B17      	GOTO       IRES016
;__Lib_MathDouble.c,1407 :: 		
0x02E0	0x0872      	MOVF       R2, 0
;__Lib_MathDouble.c,1408 :: 		
0x02E1	0x00FA      	MOVWF      R10
;__Lib_MathDouble.c,1409 :: 		
0x02E2	0x17F2      	BSF        R2, 7
;__Lib_MathDouble.c,1411 :: 		
0x02E3	0x308E      	MOVLW      142
;__Lib_MathDouble.c,1412 :: 		
0x02E4	0x02F3      	SUBWF      R3, 1
;__Lib_MathDouble.c,1413 :: 		
0x02E5	0x1FF3      	BTFSS      R3, 7
;__Lib_MathDouble.c,1414 :: 		
0x02E6	0x2B1A      	GOTO       SETIOV16
;__Lib_MathDouble.c,1415 :: 		
0x02E7	0x09F3      	COMF       R3, 1
;__Lib_MathDouble.c,1416 :: 		
0x02E8	0x0AF3      	INCF       R3, 1
;__Lib_MathDouble.c,1418 :: 		
0x02E9	0x3008      	MOVLW      8
;__Lib_MathDouble.c,1419 :: 		
0x02EA	0x0273      	SUBWF      R3, 0
;__Lib_MathDouble.c,1420 :: 		
0x02EB	0x1C03      	BTFSS      STATUS, 0
;__Lib_MathDouble.c,1421 :: 		
0x02EC	0x2AFD      	GOTO       TSHIFT3216
;__Lib_MathDouble.c,1422 :: 		
0x02ED	0x00F3      	MOVWF      R3
;__Lib_MathDouble.c,1423 :: 		
0x02EE	0x0DF1      	RLF        R1, 1
;__Lib_MathDouble.c,1424 :: 		
0x02EF	0x0872      	MOVF       R2, 0
;__Lib_MathDouble.c,1425 :: 		
0x02F0	0x00F1      	MOVWF      R1
;__Lib_MathDouble.c,1426 :: 		
0x02F1	0x01F2      	CLRF       R2
;__Lib_MathDouble.c,1428 :: 		
0x02F2	0x3008      	MOVLW      8
;__Lib_MathDouble.c,1429 :: 		
0x02F3	0x0273      	SUBWF      R3, 0
;__Lib_MathDouble.c,1430 :: 		
0x02F4	0x1C03      	BTFSS      STATUS, 0
;__Lib_MathDouble.c,1431 :: 		
0x02F5	0x2AFD      	GOTO       TSHIFT3216
;__Lib_MathDouble.c,1432 :: 		
0x02F6	0x00F3      	MOVWF      R3
;__Lib_MathDouble.c,1433 :: 		
0x02F7	0x0DF1      	RLF        R1, 1
;__Lib_MathDouble.c,1434 :: 		
0x02F8	0x01F1      	CLRF       R1
;__Lib_MathDouble.c,1436 :: 		
0x02F9	0x0873      	MOVF       R3, 0
;__Lib_MathDouble.c,1437 :: 		
0x02FA	0x1D03      	BTFSS      STATUS, 2
;__Lib_MathDouble.c,1438 :: 		
0x02FB	0x1003      	BCF        STATUS, 0
;__Lib_MathDouble.c,1439 :: 		
0x02FC	0x2B05      	GOTO       SHIFT3216OK
;__Lib_MathDouble.c,1440 :: 		
TSHIFT3216:
;__Lib_MathDouble.c,1441 :: 		
0x02FD	0x0873      	MOVF       R3, 0
;__Lib_MathDouble.c,1442 :: 		
0x02FE	0x1903      	BTFSC      STATUS, 2
;__Lib_MathDouble.c,1443 :: 		
0x02FF	0x2B05      	GOTO       SHIFT3216OK
;__Lib_MathDouble.c,1444 :: 		
SHIFT3216:
;__Lib_MathDouble.c,1445 :: 		
0x0300	0x1003      	BCF        STATUS, 0
;__Lib_MathDouble.c,1446 :: 		
0x0301	0x0CF2      	RRF        R2, 1
;__Lib_MathDouble.c,1447 :: 		
0x0302	0x0CF1      	RRF        R1, 1
;__Lib_MathDouble.c,1448 :: 		
0x0303	0x0BF3      	DECFSZ     R3, 1
;__Lib_MathDouble.c,1449 :: 		
0x0304	0x2B00      	GOTO       SHIFT3216
;__Lib_MathDouble.c,1450 :: 		
SHIFT3216OK:
;__Lib_MathDouble.c,1451 :: 		
0x0305	0x1B7B      	BTFSC      R11, 6
;__Lib_MathDouble.c,1452 :: 		
0x0306	0x1C71      	BTFSS      R1, 0
;__Lib_MathDouble.c,1453 :: 		
0x0307	0x2B0F      	GOTO       INT3216OK
;__Lib_MathDouble.c,1454 :: 		
0x0308	0x1C03      	BTFSS      STATUS, 0
;__Lib_MathDouble.c,1455 :: 		
0x0309	0x2B0F      	GOTO       INT3216OK
;__Lib_MathDouble.c,1456 :: 		
0x030A	0x0AF1      	INCF       R1, 1
;__Lib_MathDouble.c,1457 :: 		
0x030B	0x1903      	BTFSC      STATUS, 2
;__Lib_MathDouble.c,1458 :: 		
0x030C	0x0AF2      	INCF       R2, 1
;__Lib_MathDouble.c,1459 :: 		
0x030D	0x1BF2      	BTFSC      R2, 7
;__Lib_MathDouble.c,1460 :: 		
0x030E	0x2B26      	GOTO       JPJSETIOV3224
;__Lib_MathDouble.c,1461 :: 		
INT3216OK:
;__Lib_MathDouble.c,1462 :: 		
0x030F	0x1FFA      	BTFSS      R10, 7
;__Lib_MathDouble.c,1463 :: 		
0x0310	0x2B29      	GOTO       INT3216EOK
;__Lib_MathDouble.c,1465 :: 		
0x0311	0x09F2      	COMF       R2, 1
;__Lib_MathDouble.c,1466 :: 		
0x0312	0x09F1      	COMF       R1, 1
;__Lib_MathDouble.c,1467 :: 		
0x0313	0x0AF1      	INCF       R1, 1
;__Lib_MathDouble.c,1468 :: 		
0x0314	0x1903      	BTFSC      STATUS, 2
;__Lib_MathDouble.c,1469 :: 		
0x0315	0x0AF2      	INCF       R2, 1
;__Lib_MathDouble.c,1470 :: 		
0x0316	0x2B29      	GOTO       INT3216EOK
;__Lib_MathDouble.c,1472 :: 		
IRES016:
;__Lib_MathDouble.c,1473 :: 		
0x0317	0x01F2      	CLRF       R2
;__Lib_MathDouble.c,1474 :: 		
0x0318	0x01F1      	CLRF       R1
;__Lib_MathDouble.c,1475 :: 		
0x0319	0x2B29      	GOTO       INT3216EOK
;__Lib_MathDouble.c,1476 :: 		
SETIOV16:
;__Lib_MathDouble.c,1477 :: 		
0x031A	0x147B      	BSF        R11, 0
;__Lib_MathDouble.c,1478 :: 		
0x031B	0x1FFB      	BTFSS      R11, 7
;__Lib_MathDouble.c,1479 :: 		
0x031C	0x2B2C      	GOTO       INT3216EER
;__Lib_MathDouble.c,1481 :: 		
0x031D	0x01F2      	CLRF       R2
;__Lib_MathDouble.c,1482 :: 		
0x031E	0x1FFA      	BTFSS      R10, 7
;__Lib_MathDouble.c,1483 :: 		
0x031F	0x2B2C      	GOTO       INT3216EER
;__Lib_MathDouble.c,1484 :: 		
0x0320	0x30FF      	MOVLW      255
;__Lib_MathDouble.c,1485 :: 		
0x0321	0x00F2      	MOVWF      R2
;__Lib_MathDouble.c,1486 :: 		
0x0322	0x00F1      	MOVWF      R1
;__Lib_MathDouble.c,1487 :: 		
0x0323	0x0DFA      	RLF        R10, 1
;__Lib_MathDouble.c,1488 :: 		
0x0324	0x0CF2      	RRF        R2, 1
;__Lib_MathDouble.c,1489 :: 		
0x0325	0x2B2C      	GOTO       INT3216EER
;__Lib_MathDouble.c,1491 :: 		
JPJSETIOV3224:
;__Lib_MathDouble.c,1492 :: 		
0x0326	0x3001      	MOVLW      1
;__Lib_MathDouble.c,1493 :: 		
0x0327	0x00FC      	MOVWF      R12
;__Lib_MathDouble.c,1494 :: 		
0x0328	0x2B2E      	GOTO       INT3216EEE
;__Lib_MathDouble.c,1495 :: 		
INT3216EOK:
;__Lib_MathDouble.c,1496 :: 		
0x0329	0x3000      	MOVLW      0
;__Lib_MathDouble.c,1497 :: 		
0x032A	0x00FC      	MOVWF      R12
;__Lib_MathDouble.c,1498 :: 		
0x032B	0x2B2E      	GOTO       INT3216EEE
;__Lib_MathDouble.c,1499 :: 		
INT3216EER:
;__Lib_MathDouble.c,1500 :: 		
0x032C	0x30FF      	MOVLW      255
;__Lib_MathDouble.c,1501 :: 		
0x032D	0x00FC      	MOVWF      R12
;__Lib_MathDouble.c,1502 :: 		
INT3216EEE:
;__Lib_MathDouble.c,1505 :: 		
0x032E	0x08FC      	MOVF       R12, 1
;__Lib_MathDouble.c,1507 :: 		
0x032F	0x1903      	BTFSC      STATUS, 2
;__Lib_MathDouble.c,1508 :: 		
0x0330	0x2B32      	GOTO       L_Double2Int_0
;__Lib_MathDouble.c,1510 :: 		
0x0331	0x20F7      	CALL       _SETIOV3224
;__Lib_MathDouble.c,1512 :: 		
L_Double2Int_0:
;__Lib_MathDouble.c,1513 :: 		
0x0332	0x0871      	MOVF       R1, 0
;__Lib_MathDouble.c,1514 :: 		
0x0333	0x00F0      	MOVWF      R0
;__Lib_MathDouble.c,1515 :: 		
0x0334	0x0872      	MOVF       R2, 0
;__Lib_MathDouble.c,1516 :: 		
0x0335	0x00F1      	MOVWF      R1
;__Lib_MathDouble.c,1520 :: 		
L_end_double2int:
0x0336	0x0008      	RETURN
; end of _double2int
___CC2DW:
;__Lib_System.c,134 :: 		
;__Lib_System.c,137 :: 		
_CC2D_Loop1:
;__Lib_System.c,139 :: 		
0x0337	0x20F0      	CALL       _____DoICP
0x0338	0x118A      	BCF        PCLATH, 3
0x0339	0x120A      	BCF        PCLATH, 4
;__Lib_System.c,141 :: 		
0x033A	0x0080      	MOVWF      INDF
;__Lib_System.c,142 :: 		
0x033B	0x0A84      	INCF       FSR, 1
;__Lib_System.c,143 :: 		
0x033C	0x0AA5      	INCF       ___DoICPAddr, 1
;__Lib_System.c,145 :: 		
0x033D	0x1903      	BTFSC      STATUS, 2
;__Lib_System.c,146 :: 		
0x033E	0x0AA6      	INCF       ___DoICPAddr+1, 1
;__Lib_System.c,147 :: 		
0x033F	0x03F0      	DECF       R0, 1
;__Lib_System.c,149 :: 		
0x0340	0x1D03      	BTFSS      STATUS, 2
;__Lib_System.c,150 :: 		
0x0341	0x2B37      	GOTO       _CC2D_Loop1
;__Lib_System.c,152 :: 		
L_end___CC2DW:
0x0342	0x0008      	RETURN
; end of ___CC2DW
_Add_32x32_FP:
;__Lib_MathDouble.c,379 :: 		
;__Lib_MathDouble.c,390 :: 		
;__Lib_MathDouble.c,392 :: 		
0x0343	0x1283      	BCF        STATUS, 5
;__Lib_MathDouble.c,393 :: 		
0x0344	0x1303      	BCF        STATUS, 6
;__Lib_MathDouble.c,394 :: 		
0x0345	0x0872      	MOVF       R2, 0
;__Lib_MathDouble.c,395 :: 		
0x0346	0x0676      	XORWF      R6, 0
;__Lib_MathDouble.c,396 :: 		
0x0347	0x00A0      	MOVWF      __math_tempbD
;__Lib_MathDouble.c,398 :: 		
0x0348	0x01F8      	CLRF       R8
;__Lib_MathDouble.c,399 :: 		
0x0349	0x01F9      	CLRF       R9
;__Lib_MathDouble.c,401 :: 		
0x034A	0x0873      	MOVF       R3, 0
;__Lib_MathDouble.c,402 :: 		
0x034B	0x0277      	SUBWF      R7, 0
;__Lib_MathDouble.c,403 :: 		
0x034C	0x1C03      	BTFSS      STATUS, 0
;__Lib_MathDouble.c,404 :: 		
0x034D	0x2B66      	GOTO       USEA32
;__Lib_MathDouble.c,406 :: 		
0x034E	0x0877      	MOVF       R7, 0
;__Lib_MathDouble.c,407 :: 		
0x034F	0x00FD      	MOVWF      R13
;__Lib_MathDouble.c,408 :: 		
0x0350	0x0873      	MOVF       R3, 0
;__Lib_MathDouble.c,409 :: 		
0x0351	0x00F7      	MOVWF      R7
;__Lib_MathDouble.c,410 :: 		
0x0352	0x087D      	MOVF       R13, 0
;__Lib_MathDouble.c,411 :: 		
0x0353	0x00F3      	MOVWF      R3
;__Lib_MathDouble.c,413 :: 		
0x0354	0x0876      	MOVF       R6, 0
;__Lib_MathDouble.c,414 :: 		
0x0355	0x00FD      	MOVWF      R13
;__Lib_MathDouble.c,415 :: 		
0x0356	0x0872      	MOVF       R2, 0
;__Lib_MathDouble.c,416 :: 		
0x0357	0x00F6      	MOVWF      R6
;__Lib_MathDouble.c,417 :: 		
0x0358	0x087D      	MOVF       R13, 0
;__Lib_MathDouble.c,418 :: 		
0x0359	0x00F2      	MOVWF      R2
;__Lib_MathDouble.c,420 :: 		
0x035A	0x0875      	MOVF       R5, 0
;__Lib_MathDouble.c,421 :: 		
0x035B	0x00FD      	MOVWF      R13
;__Lib_MathDouble.c,422 :: 		
0x035C	0x0871      	MOVF       R1, 0
;__Lib_MathDouble.c,423 :: 		
0x035D	0x00F5      	MOVWF      R5
;__Lib_MathDouble.c,424 :: 		
0x035E	0x087D      	MOVF       R13, 0
;__Lib_MathDouble.c,425 :: 		
0x035F	0x00F1      	MOVWF      R1
;__Lib_MathDouble.c,427 :: 		
0x0360	0x0874      	MOVF       R4, 0
;__Lib_MathDouble.c,428 :: 		
0x0361	0x00FD      	MOVWF      R13
;__Lib_MathDouble.c,429 :: 		
0x0362	0x0870      	MOVF       R0, 0
;__Lib_MathDouble.c,430 :: 		
0x0363	0x00F4      	MOVWF      R4
;__Lib_MathDouble.c,431 :: 		
0x0364	0x087D      	MOVF       R13, 0
;__Lib_MathDouble.c,432 :: 		
0x0365	0x00F0      	MOVWF      R0
;__Lib_MathDouble.c,433 :: 		
USEA32:
;__Lib_MathDouble.c,434 :: 		
0x0366	0x0877      	MOVF       R7, 0
;__Lib_MathDouble.c,435 :: 		
0x0367	0x1903      	BTFSC      STATUS, 2
;__Lib_MathDouble.c,436 :: 		
0x0368	0x2BDF      	GOTO       JMPEEE
;__Lib_MathDouble.c,437 :: 		
0x0369	0x0872      	MOVF       R2, 0
;__Lib_MathDouble.c,438 :: 		
0x036A	0x00FA      	MOVWF      R10
;__Lib_MathDouble.c,439 :: 		
0x036B	0x17F2      	BSF        R2, 7
;__Lib_MathDouble.c,440 :: 		
0x036C	0x17F6      	BSF        R6, 7
;__Lib_MathDouble.c,441 :: 		
0x036D	0x0877      	MOVF       R7, 0
;__Lib_MathDouble.c,442 :: 		
0x036E	0x0273      	SUBWF      R3, 0
;__Lib_MathDouble.c,443 :: 		
0x036F	0x00F7      	MOVWF      R7
;__Lib_MathDouble.c,444 :: 		
0x0370	0x1903      	BTFSC      STATUS, 2
;__Lib_MathDouble.c,445 :: 		
0x0371	0x2B99      	GOTO       ALIGNED32
;__Lib_MathDouble.c,446 :: 		
0x0372	0x3008      	MOVLW      8
;__Lib_MathDouble.c,447 :: 		
0x0373	0x0277      	SUBWF      R7, 0
;__Lib_MathDouble.c,448 :: 		
0x0374	0x1C03      	BTFSS      STATUS, 0
;__Lib_MathDouble.c,449 :: 		
0x0375	0x2B8F      	GOTO       ALIGNB32
;__Lib_MathDouble.c,450 :: 		
0x0376	0x00F7      	MOVWF      R7
;__Lib_MathDouble.c,451 :: 		
0x0377	0x0874      	MOVF       R4, 0
;__Lib_MathDouble.c,452 :: 		
0x0378	0x00F9      	MOVWF      R9
;__Lib_MathDouble.c,453 :: 		
0x0379	0x0875      	MOVF       R5, 0
;__Lib_MathDouble.c,454 :: 		
0x037A	0x00F4      	MOVWF      R4
;__Lib_MathDouble.c,455 :: 		
0x037B	0x0876      	MOVF       R6, 0
;__Lib_MathDouble.c,456 :: 		
0x037C	0x00F5      	MOVWF      R5
;__Lib_MathDouble.c,457 :: 		
0x037D	0x01F6      	CLRF       R6
;__Lib_MathDouble.c,458 :: 		
0x037E	0x3008      	MOVLW      8
;__Lib_MathDouble.c,459 :: 		
0x037F	0x0277      	SUBWF      R7, 0
;__Lib_MathDouble.c,460 :: 		
0x0380	0x1C03      	BTFSS      STATUS, 0
;__Lib_MathDouble.c,461 :: 		
0x0381	0x2B8F      	GOTO       ALIGNB32
;__Lib_MathDouble.c,462 :: 		
0x0382	0x00F7      	MOVWF      R7
;__Lib_MathDouble.c,463 :: 		
0x0383	0x0874      	MOVF       R4, 0
;__Lib_MathDouble.c,464 :: 		
0x0384	0x00F9      	MOVWF      R9
;__Lib_MathDouble.c,465 :: 		
0x0385	0x0875      	MOVF       R5, 0
;__Lib_MathDouble.c,466 :: 		
0x0386	0x00F4      	MOVWF      R4
;__Lib_MathDouble.c,467 :: 		
0x0387	0x01F5      	CLRF       R5
;__Lib_MathDouble.c,468 :: 		
0x0388	0x3008      	MOVLW      8
;__Lib_MathDouble.c,469 :: 		
0x0389	0x0277      	SUBWF      R7, 0
;__Lib_MathDouble.c,470 :: 		
0x038A	0x1C03      	BTFSS      STATUS, 0
;__Lib_MathDouble.c,471 :: 		
0x038B	0x2B8F      	GOTO       ALIGNB32
;__Lib_MathDouble.c,472 :: 		
0x038C	0x087A      	MOVF       R10, 0
;__Lib_MathDouble.c,473 :: 		
0x038D	0x00F2      	MOVWF      R2
;__Lib_MathDouble.c,474 :: 		
0x038E	0x2BDF      	GOTO       JMPEEE
;__Lib_MathDouble.c,475 :: 		
ALIGNB32:
;__Lib_MathDouble.c,476 :: 		
0x038F	0x0877      	MOVF       R7, 0
;__Lib_MathDouble.c,477 :: 		
0x0390	0x1903      	BTFSC      STATUS, 2
;__Lib_MathDouble.c,478 :: 		
0x0391	0x2B99      	GOTO       ALIGNED32
;__Lib_MathDouble.c,479 :: 		
ALOOPB32:
;__Lib_MathDouble.c,480 :: 		
0x0392	0x1003      	BCF        STATUS, 0
;__Lib_MathDouble.c,481 :: 		
0x0393	0x0CF6      	RRF        R6, 1
;__Lib_MathDouble.c,482 :: 		
0x0394	0x0CF5      	RRF        R5, 1
;__Lib_MathDouble.c,483 :: 		
0x0395	0x0CF4      	RRF        R4, 1
;__Lib_MathDouble.c,484 :: 		
0x0396	0x0CF9      	RRF        R9, 1
;__Lib_MathDouble.c,485 :: 		
0x0397	0x0BF7      	DECFSZ     R7, 1
;__Lib_MathDouble.c,486 :: 		
0x0398	0x2B92      	GOTO       ALOOPB32
;__Lib_MathDouble.c,487 :: 		
ALIGNED32:
;__Lib_MathDouble.c,488 :: 		
0x0399	0x1FA0      	BTFSS      __math_tempbD, 7
;__Lib_MathDouble.c,489 :: 		
0x039A	0x2BA6      	GOTO       AOK32
;__Lib_MathDouble.c,490 :: 		
0x039B	0x09F9      	COMF       R9, 1
;__Lib_MathDouble.c,491 :: 		
0x039C	0x09F4      	COMF       R4, 1
;__Lib_MathDouble.c,492 :: 		
0x039D	0x09F5      	COMF       R5, 1
;__Lib_MathDouble.c,493 :: 		
0x039E	0x09F6      	COMF       R6, 1
;__Lib_MathDouble.c,494 :: 		
0x039F	0x0AF9      	INCF       R9, 1
;__Lib_MathDouble.c,495 :: 		
0x03A0	0x1903      	BTFSC      STATUS, 2
;__Lib_MathDouble.c,496 :: 		
0x03A1	0x0AF4      	INCF       R4, 1
;__Lib_MathDouble.c,497 :: 		
0x03A2	0x1903      	BTFSC      STATUS, 2
;__Lib_MathDouble.c,498 :: 		
0x03A3	0x0AF5      	INCF       R5, 1
;__Lib_MathDouble.c,499 :: 		
0x03A4	0x1903      	BTFSC      STATUS, 2
;__Lib_MathDouble.c,500 :: 		
0x03A5	0x0AF6      	INCF       R6, 1
;__Lib_MathDouble.c,501 :: 		
AOK32:
;__Lib_MathDouble.c,502 :: 		
0x03A6	0x0879      	MOVF       R9, 0
;__Lib_MathDouble.c,503 :: 		
0x03A7	0x07F8      	ADDWF      R8, 1
;__Lib_MathDouble.c,504 :: 		
0x03A8	0x0874      	MOVF       R4, 0
;__Lib_MathDouble.c,505 :: 		
0x03A9	0x1803      	BTFSC      STATUS, 0
;__Lib_MathDouble.c,506 :: 		
0x03AA	0x0F74      	INCFSZ     R4, 0
;__Lib_MathDouble.c,507 :: 		
0x03AB	0x07F0      	ADDWF      R0, 1
;__Lib_MathDouble.c,508 :: 		
0x03AC	0x0875      	MOVF       R5, 0
;__Lib_MathDouble.c,509 :: 		
0x03AD	0x1803      	BTFSC      STATUS, 0
;__Lib_MathDouble.c,510 :: 		
0x03AE	0x0F75      	INCFSZ     R5, 0
;__Lib_MathDouble.c,511 :: 		
0x03AF	0x07F1      	ADDWF      R1, 1
;__Lib_MathDouble.c,512 :: 		
0x03B0	0x0876      	MOVF       R6, 0
;__Lib_MathDouble.c,513 :: 		
0x03B1	0x1803      	BTFSC      STATUS, 0
;__Lib_MathDouble.c,514 :: 		
0x03B2	0x0F76      	INCFSZ     R6, 0
;__Lib_MathDouble.c,515 :: 		
0x03B3	0x07F2      	ADDWF      R2, 1
;__Lib_MathDouble.c,516 :: 		
0x03B4	0x1BA0      	BTFSC      __math_tempbD, 7
;__Lib_MathDouble.c,517 :: 		
0x03B5	0x2BBF      	GOTO       ACOMP32
;__Lib_MathDouble.c,518 :: 		
0x03B6	0x1C03      	BTFSS      STATUS, 0
;__Lib_MathDouble.c,519 :: 		
0x03B7	0x2BCF      	GOTO       JMPNRMRND4032
;__Lib_MathDouble.c,520 :: 		
0x03B8	0x0CF2      	RRF        R2, 1
;__Lib_MathDouble.c,521 :: 		
0x03B9	0x0CF1      	RRF        R1, 1
;__Lib_MathDouble.c,522 :: 		
0x03BA	0x0CF0      	RRF        R0, 1
;__Lib_MathDouble.c,523 :: 		
0x03BB	0x0CF8      	RRF        R8, 1
;__Lib_MathDouble.c,524 :: 		
0x03BC	0x0FF3      	INCFSZ     R3, 1
;__Lib_MathDouble.c,525 :: 		
0x03BD	0x2BCF      	GOTO       JMPNRMRND4032
;__Lib_MathDouble.c,526 :: 		
0x03BE	0x2BDB      	GOTO       ADD_JMPSETFOV32
;__Lib_MathDouble.c,527 :: 		
ACOMP32:
;__Lib_MathDouble.c,528 :: 		
0x03BF	0x1803      	BTFSC      STATUS, 0
;__Lib_MathDouble.c,529 :: 		
0x03C0	0x2BD3      	GOTO       JMPNRM4032
;__Lib_MathDouble.c,530 :: 		
0x03C1	0x09F8      	COMF       R8, 1
;__Lib_MathDouble.c,531 :: 		
0x03C2	0x09F0      	COMF       R0, 1
;__Lib_MathDouble.c,532 :: 		
0x03C3	0x09F1      	COMF       R1, 1
;__Lib_MathDouble.c,533 :: 		
0x03C4	0x09F2      	COMF       R2, 1
;__Lib_MathDouble.c,534 :: 		
0x03C5	0x0AF8      	INCF       R8, 1
;__Lib_MathDouble.c,535 :: 		
0x03C6	0x1903      	BTFSC      STATUS, 2
;__Lib_MathDouble.c,536 :: 		
0x03C7	0x0AF0      	INCF       R0, 1
;__Lib_MathDouble.c,537 :: 		
0x03C8	0x1903      	BTFSC      STATUS, 2
;__Lib_MathDouble.c,538 :: 		
0x03C9	0x0AF1      	INCF       R1, 1
;__Lib_MathDouble.c,539 :: 		
0x03CA	0x1903      	BTFSC      STATUS, 2
;__Lib_MathDouble.c,540 :: 		
0x03CB	0x0AF2      	INCF       R2, 1
;__Lib_MathDouble.c,541 :: 		
0x03CC	0x3080      	MOVLW      128
;__Lib_MathDouble.c,542 :: 		
0x03CD	0x06FA      	XORWF      R10, 1
;__Lib_MathDouble.c,543 :: 		
0x03CE	0x2BD7      	GOTO       JMPNRM32
;__Lib_MathDouble.c,544 :: 		
JMPNRMRND4032:
;__Lib_MathDouble.c,545 :: 		
0x03CF	0x3001      	MOVLW      1
;__Lib_MathDouble.c,546 :: 		
0x03D0	0x00FC      	MOVWF      R12
;__Lib_MathDouble.c,548 :: 		
0x03D1	0x2096      	CALL       _NRM4032
;__Lib_MathDouble.c,550 :: 		
0x03D2	0x2BE1      	GOTO       ADD32EEE
;__Lib_MathDouble.c,551 :: 		
JMPNRM4032:
;__Lib_MathDouble.c,552 :: 		
0x03D3	0x3002      	MOVLW      2
;__Lib_MathDouble.c,553 :: 		
0x03D4	0x00FC      	MOVWF      R12
;__Lib_MathDouble.c,555 :: 		
0x03D5	0x2096      	CALL       _NRM4032
;__Lib_MathDouble.c,557 :: 		
0x03D6	0x2BE1      	GOTO       ADD32EEE
;__Lib_MathDouble.c,558 :: 		
JMPNRM32:
;__Lib_MathDouble.c,559 :: 		
0x03D7	0x3004      	MOVLW      4
;__Lib_MathDouble.c,560 :: 		
0x03D8	0x00FC      	MOVWF      R12
;__Lib_MathDouble.c,562 :: 		
0x03D9	0x2107      	CALL       _NRM3232
;__Lib_MathDouble.c,564 :: 		
0x03DA	0x2BE1      	GOTO       ADD32EEE
;__Lib_MathDouble.c,565 :: 		
ADD_JMPSETFOV32:
;__Lib_MathDouble.c,566 :: 		
0x03DB	0x3008      	MOVLW      8
;__Lib_MathDouble.c,567 :: 		
0x03DC	0x00FC      	MOVWF      R12
;__Lib_MathDouble.c,569 :: 		
0x03DD	0x2073      	CALL       _SETFOV32
;__Lib_MathDouble.c,571 :: 		
0x03DE	0x2BE1      	GOTO       ADD32EEE
;__Lib_MathDouble.c,572 :: 		
JMPEEE:
;__Lib_MathDouble.c,573 :: 		
0x03DF	0x3000      	MOVLW      0
;__Lib_MathDouble.c,574 :: 		
0x03E0	0x00FC      	MOVWF      R12
;__Lib_MathDouble.c,575 :: 		
ADD32EEE:
;__Lib_MathDouble.c,576 :: 		
0x03E1	0x0000      	NOP
;__Lib_MathDouble.c,584 :: 		
L_end_Add_32x32_FP:
0x03E2	0x0008      	RETURN
; end of _Add_32x32_FP
_main:
0x03E3	0x1283      	BCF        STATUS, 5
0x03E4	0x1303      	BCF        STATUS, 6
0x03E5	0x01A7      	CLRF       _Kp
0x03E6	0x01A8      	CLRF       40
0x03E7	0x01A9      	CLRF       41
0x03E8	0x307D      	MOVLW      125
0x03E9	0x00AA      	MOVWF      42
0x03EA	0x3096      	MOVLW      150
0x03EB	0x00AB      	MOVWF      _Last_Pixel_Column_Count
0x03EC	0x01AC      	CLRF       _Prev_IR_State
0x03ED	0x01AD      	CLRF       _ImgToShow
0x03EE	0x01AE      	CLRF       _Pixel_Column_Count
0x03EF	0x306F      	MOVLW      111
0x03F0	0x00AF      	MOVWF      _Pixel_Column_Time
;POV_Wireless_Display.c,36 :: 		void main() {
;POV_Wireless_Display.c,37 :: 		TRISA=0b00000000; //Outputs 0-5 (first 6 bits) are used only.
0x03F1	0x1683      	BSF        STATUS, 5
0x03F2	0x0185      	CLRF       TRISA
;POV_Wireless_Display.c,38 :: 		TRISB=0b00000000;
0x03F3	0x0186      	CLRF       TRISB
;POV_Wireless_Display.c,39 :: 		TRISC=0b00000000;
0x03F4	0x0187      	CLRF       TRISC
;POV_Wireless_Display.c,40 :: 		TRISD=0b00000000;
0x03F5	0x0188      	CLRF       TRISD
;POV_Wireless_Display.c,41 :: 		TRISE=0b00000011; //PortE is input
0x03F6	0x3003      	MOVLW      3
0x03F7	0x0089      	MOVWF      TRISE
;POV_Wireless_Display.c,43 :: 		ADCON0=0b00000000;// No analog
0x03F8	0x1283      	BCF        STATUS, 5
0x03F9	0x019F      	CLRF       ADCON0
;POV_Wireless_Display.c,44 :: 		ADCON1=0b00001110;// No analog
0x03FA	0x300E      	MOVLW      14
0x03FB	0x1683      	BSF        STATUS, 5
0x03FC	0x009F      	MOVWF      ADCON1
;POV_Wireless_Display.c,45 :: 		OPTION_REG=0b00000010; //Sets the timer prescaler
0x03FD	0x3002      	MOVLW      2
0x03FE	0x0081      	MOVWF      OPTION_REG
;POV_Wireless_Display.c,46 :: 		INTCON=0b10100000;
0x03FF	0x30A0      	MOVLW      160
0x0400	0x008B      	MOVWF      INTCON
;POV_Wireless_Display.c,48 :: 		PORTA=0b00000000;
0x0401	0x1283      	BCF        STATUS, 5
0x0402	0x0185      	CLRF       PORTA
;POV_Wireless_Display.c,49 :: 		PORTB=0b00000000;
0x0403	0x0186      	CLRF       PORTB
;POV_Wireless_Display.c,50 :: 		PORTC=0b00000000;
0x0404	0x0187      	CLRF       PORTC
;POV_Wireless_Display.c,51 :: 		PORTD=0b00000000;
0x0405	0x0188      	CLRF       PORTD
;POV_Wireless_Display.c,56 :: 		while (1) {
L_main0:
;POV_Wireless_Display.c,59 :: 		if (!(Last_Pixel_Column_Count==Desired_Pixel_Column_Count)) {
0x0406	0x082B      	MOVF       _Last_Pixel_Column_Count, 0
0x0407	0x3A96      	XORLW      150
0x0408	0x1903      	BTFSC      STATUS, 2
0x0409	0x2C7D      	GOTO       L_main2
;POV_Wireless_Display.c,61 :: 		diff = Desired_Pixel_Column_Count-Last_Pixel_Column_Count;
0x040A	0x082B      	MOVF       _Last_Pixel_Column_Count, 0
0x040B	0x3C96      	SUBLW      150
0x040C	0x00BE      	MOVWF      FLOC__main+4
0x040D	0x01BF      	CLRF       FLOC__main+5
0x040E	0x1C03      	BTFSS      STATUS, 0
0x040F	0x03BF      	DECF       FLOC__main+5, 1
0x0410	0x083E      	MOVF       FLOC__main+4, 0
0x0411	0x00B6      	MOVWF      _diff
0x0412	0x083F      	MOVF       FLOC__main+5, 0
0x0413	0x00B7      	MOVWF      _diff+1
;POV_Wireless_Display.c,62 :: 		timeNow=255-Pixel_Column_Time;
0x0414	0x082F      	MOVF       _Pixel_Column_Time, 0
0x0415	0x3CFF      	SUBLW      255
0x0416	0x00F0      	MOVWF      R0
0x0417	0x01F1      	CLRF       R0+1
0x0418	0x1C03      	BTFSS      STATUS, 0
0x0419	0x03F1      	DECF       R0+1, 1
0x041A	0x0870      	MOVF       R0, 0
0x041B	0x00B4      	MOVWF      _timeNow
0x041C	0x0871      	MOVF       R0+1, 0
0x041D	0x00B5      	MOVWF      _timeNow+1
;POV_Wireless_Display.c,63 :: 		newTimeDelta = (double) timeNow * ((double) diff/ (double) Desired_Pixel_Column_Count);
0x041E	0x2279      	CALL       _int2double
0x041F	0x0870      	MOVF       R0, 0
0x0420	0x00BA      	MOVWF      FLOC__main
0x0421	0x0871      	MOVF       R0+1, 0
0x0422	0x00BB      	MOVWF      FLOC__main+1
0x0423	0x0872      	MOVF       R0+2, 0
0x0424	0x00BC      	MOVWF      FLOC__main+2
0x0425	0x0873      	MOVF       R0+3, 0
0x0426	0x00BD      	MOVWF      FLOC__main+3
0x0427	0x083E      	MOVF       FLOC__main+4, 0
0x0428	0x00F0      	MOVWF      R0
0x0429	0x083F      	MOVF       FLOC__main+5, 0
0x042A	0x00F1      	MOVWF      R0+1
0x042B	0x2279      	CALL       _int2double
0x042C	0x3000      	MOVLW      0
0x042D	0x00F4      	MOVWF      R4
0x042E	0x3000      	MOVLW      0
0x042F	0x00F5      	MOVWF      R4+1
0x0430	0x3016      	MOVLW      22
0x0431	0x00F6      	MOVWF      R4+2
0x0432	0x3086      	MOVLW      134
0x0433	0x00F7      	MOVWF      R4+3
0x0434	0x2151      	CALL       _Div_32x32_FP
0x0435	0x083A      	MOVF       FLOC__main, 0
0x0436	0x00F4      	MOVWF      R4
0x0437	0x083B      	MOVF       FLOC__main+1, 0
0x0438	0x00F5      	MOVWF      R4+1
0x0439	0x083C      	MOVF       FLOC__main+2, 0
0x043A	0x00F6      	MOVWF      R4+2
0x043B	0x083D      	MOVF       FLOC__main+3, 0
0x043C	0x00F7      	MOVWF      R4+3
0x043D	0x2218      	CALL       _Mul_32x32_FP
0x043E	0x0870      	MOVF       R0, 0
0x043F	0x00B0      	MOVWF      _newTimeDelta
0x0440	0x0871      	MOVF       R0+1, 0
0x0441	0x00B1      	MOVWF      _newTimeDelta+1
0x0442	0x0872      	MOVF       R0+2, 0
0x0443	0x00B2      	MOVWF      _newTimeDelta+2
0x0444	0x0873      	MOVF       R0+3, 0
0x0445	0x00B3      	MOVWF      _newTimeDelta+3
;POV_Wireless_Display.c,64 :: 		newTimeDelta = newTimeDelta * Kp; //That's gonna be the delta applied
0x0446	0x0827      	MOVF       _Kp, 0
0x0447	0x00F4      	MOVWF      R4
0x0448	0x0828      	MOVF       _Kp+1, 0
0x0449	0x00F5      	MOVWF      R4+1
0x044A	0x0829      	MOVF       _Kp+2, 0
0x044B	0x00F6      	MOVWF      R4+2
0x044C	0x082A      	MOVF       _Kp+3, 0
0x044D	0x00F7      	MOVWF      R4+3
0x044E	0x2218      	CALL       _Mul_32x32_FP
0x044F	0x0870      	MOVF       R0, 0
0x0450	0x00B0      	MOVWF      _newTimeDelta
0x0451	0x0871      	MOVF       R0+1, 0
0x0452	0x00B1      	MOVWF      _newTimeDelta+1
0x0453	0x0872      	MOVF       R0+2, 0
0x0454	0x00B2      	MOVWF      _newTimeDelta+2
0x0455	0x0873      	MOVF       R0+3, 0
0x0456	0x00B3      	MOVWF      _newTimeDelta+3
;POV_Wireless_Display.c,66 :: 		if (abs(newTimeDelta)>1) {
0x0457	0x22DA      	CALL       _double2int
0x0458	0x0870      	MOVF       R0, 0
0x0459	0x00C0      	MOVWF      FARG_abs_a
0x045A	0x0871      	MOVF       R0+1, 0
0x045B	0x00C1      	MOVWF      FARG_abs_a+1
0x045C	0x2136      	CALL       _abs
0x045D	0x3080      	MOVLW      128
0x045E	0x00F2      	MOVWF      R2
0x045F	0x3080      	MOVLW      128
0x0460	0x0671      	XORWF      R0+1, 0
0x0461	0x0272      	SUBWF      R2, 0
0x0462	0x1D03      	BTFSS      STATUS, 2
0x0463	0x2C66      	GOTO       L__main12
0x0464	0x0870      	MOVF       R0, 0
0x0465	0x3C01      	SUBLW      1
L__main12:
0x0466	0x1803      	BTFSC      STATUS, 0
0x0467	0x2C7D      	GOTO       L_main3
;POV_Wireless_Display.c,67 :: 		Pixel_Column_Time += newTimeDelta;
0x0468	0x082F      	MOVF       _Pixel_Column_Time, 0
0x0469	0x00F0      	MOVWF      R0
0x046A	0x2208      	CALL       _byte2double
0x046B	0x0830      	MOVF       _newTimeDelta, 0
0x046C	0x00F4      	MOVWF      R4
0x046D	0x0831      	MOVF       _newTimeDelta+1, 0
0x046E	0x00F5      	MOVWF      R4+1
0x046F	0x0832      	MOVF       _newTimeDelta+2, 0
0x0470	0x00F6      	MOVWF      R4+2
0x0471	0x0833      	MOVF       _newTimeDelta+3, 0
0x0472	0x00F7      	MOVWF      R4+3
0x0473	0x2343      	CALL       _Add_32x32_FP
0x0474	0x2297      	CALL       _double2byte
0x0475	0x0870      	MOVF       R0, 0
0x0476	0x00AF      	MOVWF      _Pixel_Column_Time
;POV_Wireless_Display.c,68 :: 		if  (Pixel_Column_Time > 250) {
0x0477	0x0870      	MOVF       R0, 0
0x0478	0x3CFA      	SUBLW      250
0x0479	0x1803      	BTFSC      STATUS, 0
0x047A	0x2C7D      	GOTO       L_main4
;POV_Wireless_Display.c,69 :: 		Pixel_Column_Time=250 ;
0x047B	0x30FA      	MOVLW      250
0x047C	0x00AF      	MOVWF      _Pixel_Column_Time
;POV_Wireless_Display.c,70 :: 		}
L_main4:
;POV_Wireless_Display.c,71 :: 		}
L_main3:
;POV_Wireless_Display.c,72 :: 		}
L_main2:
;POV_Wireless_Display.c,73 :: 		delay_ms(300);
0x047D	0x3008      	MOVLW      8
0x047E	0x00FB      	MOVWF      R11
0x047F	0x309D      	MOVLW      157
0x0480	0x00FC      	MOVWF      R12
0x0481	0x3005      	MOVLW      5
0x0482	0x00FD      	MOVWF      R13
L_main5:
0x0483	0x0BFD      	DECFSZ     R13, 1
0x0484	0x2C83      	GOTO       L_main5
0x0485	0x0BFC      	DECFSZ     R12, 1
0x0486	0x2C83      	GOTO       L_main5
0x0487	0x0BFB      	DECFSZ     R11, 1
0x0488	0x2C83      	GOTO       L_main5
0x0489	0x0000      	NOP
0x048A	0x0000      	NOP
;POV_Wireless_Display.c,74 :: 		}
0x048B	0x2C06      	GOTO       L_main0
;POV_Wireless_Display.c,75 :: 		}
L_end_main:
0x048C	0x2C8C      	GOTO       $+0
; end of _main
;POV_Wireless_Display.c,25 :: _WORLDC
0x048D	0x3400 ;_WORLDC+0
0x048E	0x3400 ;_WORLDC+1
0x048F	0x3400 ;_WORLDC+2
0x0490	0x3400 ;_WORLDC+3
0x0491	0x3400 ;_WORLDC+4
0x0492	0x3400 ;_WORLDC+5
0x0493	0x3400 ;_WORLDC+6
0x0494	0x3400 ;_WORLDC+7
0x0495	0x3400 ;_WORLDC+8
0x0496	0x3400 ;_WORLDC+9
0x0497	0x3400 ;_WORLDC+10
0x0498	0x3400 ;_WORLDC+11
0x0499	0x3400 ;_WORLDC+12
0x049A	0x3400 ;_WORLDC+13
0x049B	0x3400 ;_WORLDC+14
0x049C	0x3400 ;_WORLDC+15
0x049D	0x3410 ;_WORLDC+16
0x049E	0x3400 ;_WORLDC+17
0x049F	0x3400 ;_WORLDC+18
0x04A0	0x3400 ;_WORLDC+19
0x04A1	0x3400 ;_WORLDC+20
0x04A2	0x3430 ;_WORLDC+21
0x04A3	0x3430 ;_WORLDC+22
0x04A4	0x3430 ;_WORLDC+23
0x04A5	0x343C ;_WORLDC+24
0x04A6	0x343C ;_WORLDC+25
0x04A7	0x343E ;_WORLDC+26
0x04A8	0x343E ;_WORLDC+27
0x04A9	0x343E ;_WORLDC+28
0x04AA	0x343F ;_WORLDC+29
0x04AB	0x343E ;_WORLDC+30
0x04AC	0x343F ;_WORLDC+31
0x04AD	0x343F ;_WORLDC+32
0x04AE	0x343F ;_WORLDC+33
0x04AF	0x343F ;_WORLDC+34
0x04B0	0x343F ;_WORLDC+35
0x04B1	0x343E ;_WORLDC+36
0x04B2	0x343E ;_WORLDC+37
0x04B3	0x343E ;_WORLDC+38
0x04B4	0x343F ;_WORLDC+39
0x04B5	0x343F ;_WORLDC+40
0x04B6	0x343F ;_WORLDC+41
0x04B7	0x343F ;_WORLDC+42
0x04B8	0x343F ;_WORLDC+43
0x04B9	0x343F ;_WORLDC+44
0x04BA	0x343E ;_WORLDC+45
0x04BB	0x343E ;_WORLDC+46
0x04BC	0x343E ;_WORLDC+47
0x04BD	0x343E ;_WORLDC+48
0x04BE	0x343E ;_WORLDC+49
0x04BF	0x343E ;_WORLDC+50
0x04C0	0x343F ;_WORLDC+51
0x04C1	0x343F ;_WORLDC+52
0x04C2	0x341F ;_WORLDC+53
0x04C3	0x341F ;_WORLDC+54
0x04C4	0x343F ;_WORLDC+55
0x04C5	0x343F ;_WORLDC+56
0x04C6	0x343F ;_WORLDC+57
0x04C7	0x341F ;_WORLDC+58
0x04C8	0x341E ;_WORLDC+59
0x04C9	0x341F ;_WORLDC+60
0x04CA	0x3417 ;_WORLDC+61
0x04CB	0x3417 ;_WORLDC+62
0x04CC	0x3437 ;_WORLDC+63
0x04CD	0x3427 ;_WORLDC+64
0x04CE	0x3427 ;_WORLDC+65
0x04CF	0x3427 ;_WORLDC+66
0x04D0	0x3407 ;_WORLDC+67
0x04D1	0x3407 ;_WORLDC+68
0x04D2	0x340F ;_WORLDC+69
0x04D3	0x340F ;_WORLDC+70
0x04D4	0x340F ;_WORLDC+71
0x04D5	0x340F ;_WORLDC+72
0x04D6	0x340F ;_WORLDC+73
0x04D7	0x342F ;_WORLDC+74
0x04D8	0x342F ;_WORLDC+75
0x04D9	0x343F ;_WORLDC+76
0x04DA	0x343F ;_WORLDC+77
0x04DB	0x343F ;_WORLDC+78
0x04DC	0x3407 ;_WORLDC+79
0x04DD	0x3403 ;_WORLDC+80
0x04DE	0x3403 ;_WORLDC+81
0x04DF	0x3400 ;_WORLDC+82
0x04E0	0x3400 ;_WORLDC+83
0x04E1	0x3400 ;_WORLDC+84
0x04E2	0x3400 ;_WORLDC+85
0x04E3	0x3400 ;_WORLDC+86
0x04E4	0x3400 ;_WORLDC+87
0x04E5	0x3400 ;_WORLDC+88
0x04E6	0x3400 ;_WORLDC+89
0x04E7	0x3400 ;_WORLDC+90
0x04E8	0x3400 ;_WORLDC+91
0x04E9	0x3400 ;_WORLDC+92
0x04EA	0x3400 ;_WORLDC+93
0x04EB	0x3400 ;_WORLDC+94
0x04EC	0x3400 ;_WORLDC+95
0x04ED	0x3400 ;_WORLDC+96
0x04EE	0x3400 ;_WORLDC+97
0x04EF	0x3400 ;_WORLDC+98
0x04F0	0x3400 ;_WORLDC+99
0x04F1	0x3400 ;_WORLDC+100
0x04F2	0x3400 ;_WORLDC+101
0x04F3	0x3400 ;_WORLDC+102
0x04F4	0x3400 ;_WORLDC+103
0x04F5	0x3400 ;_WORLDC+104
0x04F6	0x3420 ;_WORLDC+105
0x04F7	0x3420 ;_WORLDC+106
0x04F8	0x3430 ;_WORLDC+107
0x04F9	0x3438 ;_WORLDC+108
0x04FA	0x343C ;_WORLDC+109
0x04FB	0x3438 ;_WORLDC+110
0x04FC	0x3438 ;_WORLDC+111
0x04FD	0x3439 ;_WORLDC+112
0x04FE	0x3438 ;_WORLDC+113
0x04FF	0x3438 ;_WORLDC+114
0x0500	0x343C ;_WORLDC+115
0x0501	0x343F ;_WORLDC+116
0x0502	0x343F ;_WORLDC+117
0x0503	0x343F ;_WORLDC+118
0x0504	0x343E ;_WORLDC+119
0x0505	0x343C ;_WORLDC+120
0x0506	0x343C ;_WORLDC+121
0x0507	0x343C ;_WORLDC+122
0x0508	0x3438 ;_WORLDC+123
0x0509	0x3438 ;_WORLDC+124
0x050A	0x3430 ;_WORLDC+125
0x050B	0x3430 ;_WORLDC+126
0x050C	0x3400 ;_WORLDC+127
0x050D	0x3400 ;_WORLDC+128
0x050E	0x3400 ;_WORLDC+129
0x050F	0x3400 ;_WORLDC+130
0x0510	0x3400 ;_WORLDC+131
0x0511	0x3400 ;_WORLDC+132
0x0512	0x3400 ;_WORLDC+133
0x0513	0x3400 ;_WORLDC+134
0x0514	0x3400 ;_WORLDC+135
0x0515	0x3400 ;_WORLDC+136
0x0516	0x3400 ;_WORLDC+137
0x0517	0x3400 ;_WORLDC+138
0x0518	0x3400 ;_WORLDC+139
0x0519	0x3400 ;_WORLDC+140
0x051A	0x3400 ;_WORLDC+141
0x051B	0x3400 ;_WORLDC+142
0x051C	0x3400 ;_WORLDC+143
0x051D	0x3400 ;_WORLDC+144
0x051E	0x3400 ;_WORLDC+145
0x051F	0x3400 ;_WORLDC+146
0x0520	0x3400 ;_WORLDC+147
0x0521	0x3400 ;_WORLDC+148
0x0522	0x3400 ;_WORLDC+149
; end of _WORLDC
;POV_Wireless_Display.c,24 :: _WORLDD
0x0523	0x3430 ;_WORLDD+0
0x0524	0x3430 ;_WORLDD+1
0x0525	0x3430 ;_WORLDD+2
0x0526	0x3430 ;_WORLDD+3
0x0527	0x3430 ;_WORLDD+4
0x0528	0x3430 ;_WORLDD+5
0x0529	0x3430 ;_WORLDD+6
0x052A	0x3438 ;_WORLDD+7
0x052B	0x343C ;_WORLDD+8
0x052C	0x3434 ;_WORLDD+9
0x052D	0x3430 ;_WORLDD+10
0x052E	0x3430 ;_WORLDD+11
0x052F	0x3430 ;_WORLDD+12
0x0530	0x3430 ;_WORLDD+13
0x0531	0x3430 ;_WORLDD+14
0x0532	0x3432 ;_WORLDD+15
0x0533	0x343A ;_WORLDD+16
0x0534	0x343F ;_WORLDD+17
0x0535	0x343F ;_WORLDD+18
0x0536	0x343F ;_WORLDD+19
0x0537	0x343F ;_WORLDD+20
0x0538	0x343F ;_WORLDD+21
0x0539	0x343F ;_WORLDD+22
0x053A	0x343F ;_WORLDD+23
0x053B	0x343F ;_WORLDD+24
0x053C	0x343F ;_WORLDD+25
0x053D	0x343F ;_WORLDD+26
0x053E	0x343F ;_WORLDD+27
0x053F	0x343F ;_WORLDD+28
0x0540	0x343F ;_WORLDD+29
0x0541	0x343F ;_WORLDD+30
0x0542	0x343F ;_WORLDD+31
0x0543	0x343F ;_WORLDD+32
0x0544	0x343F ;_WORLDD+33
0x0545	0x343F ;_WORLDD+34
0x0546	0x343F ;_WORLDD+35
0x0547	0x343F ;_WORLDD+36
0x0548	0x343F ;_WORLDD+37
0x0549	0x343F ;_WORLDD+38
0x054A	0x343F ;_WORLDD+39
0x054B	0x343F ;_WORLDD+40
0x054C	0x343F ;_WORLDD+41
0x054D	0x343F ;_WORLDD+42
0x054E	0x343F ;_WORLDD+43
0x054F	0x343F ;_WORLDD+44
0x0550	0x343F ;_WORLDD+45
0x0551	0x343F ;_WORLDD+46
0x0552	0x343F ;_WORLDD+47
0x0553	0x343F ;_WORLDD+48
0x0554	0x343F ;_WORLDD+49
0x0555	0x343F ;_WORLDD+50
0x0556	0x343F ;_WORLDD+51
0x0557	0x343F ;_WORLDD+52
0x0558	0x343F ;_WORLDD+53
0x0559	0x343F ;_WORLDD+54
0x055A	0x343F ;_WORLDD+55
0x055B	0x343F ;_WORLDD+56
0x055C	0x343F ;_WORLDD+57
0x055D	0x343F ;_WORLDD+58
0x055E	0x343F ;_WORLDD+59
0x055F	0x343F ;_WORLDD+60
0x0560	0x343F ;_WORLDD+61
0x0561	0x343F ;_WORLDD+62
0x0562	0x343F ;_WORLDD+63
0x0563	0x343F ;_WORLDD+64
0x0564	0x343F ;_WORLDD+65
0x0565	0x3437 ;_WORLDD+66
0x0566	0x3437 ;_WORLDD+67
0x0567	0x343B ;_WORLDD+68
0x0568	0x341F ;_WORLDD+69
0x0569	0x341F ;_WORLDD+70
0x056A	0x341F ;_WORLDD+71
0x056B	0x340B ;_WORLDD+72
0x056C	0x3403 ;_WORLDD+73
0x056D	0x3403 ;_WORLDD+74
0x056E	0x3403 ;_WORLDD+75
0x056F	0x3406 ;_WORLDD+76
0x0570	0x3404 ;_WORLDD+77
0x0571	0x3404 ;_WORLDD+78
0x0572	0x3400 ;_WORLDD+79
0x0573	0x3400 ;_WORLDD+80
0x0574	0x3400 ;_WORLDD+81
0x0575	0x3400 ;_WORLDD+82
0x0576	0x3400 ;_WORLDD+83
0x0577	0x3400 ;_WORLDD+84
0x0578	0x3400 ;_WORLDD+85
0x0579	0x3400 ;_WORLDD+86
0x057A	0x3420 ;_WORLDD+87
0x057B	0x3420 ;_WORLDD+88
0x057C	0x3420 ;_WORLDD+89
0x057D	0x3420 ;_WORLDD+90
0x057E	0x3420 ;_WORLDD+91
0x057F	0x3430 ;_WORLDD+92
0x0580	0x3430 ;_WORLDD+93
0x0581	0x3430 ;_WORLDD+94
0x0582	0x3430 ;_WORLDD+95
0x0583	0x3420 ;_WORLDD+96
0x0584	0x3400 ;_WORLDD+97
0x0585	0x3402 ;_WORLDD+98
0x0586	0x3406 ;_WORLDD+99
0x0587	0x3406 ;_WORLDD+100
0x0588	0x3406 ;_WORLDD+101
0x0589	0x342F ;_WORLDD+102
0x058A	0x3437 ;_WORLDD+103
0x058B	0x343F ;_WORLDD+104
0x058C	0x342F ;_WORLDD+105
0x058D	0x343F ;_WORLDD+106
0x058E	0x340F ;_WORLDD+107
0x058F	0x3407 ;_WORLDD+108
0x0590	0x3407 ;_WORLDD+109
0x0591	0x3437 ;_WORLDD+110
0x0592	0x3406 ;_WORLDD+111
0x0593	0x3427 ;_WORLDD+112
0x0594	0x3427 ;_WORLDD+113
0x0595	0x343F ;_WORLDD+114
0x0596	0x343F ;_WORLDD+115
0x0597	0x343F ;_WORLDD+116
0x0598	0x343F ;_WORLDD+117
0x0599	0x343F ;_WORLDD+118
0x059A	0x343F ;_WORLDD+119
0x059B	0x343F ;_WORLDD+120
0x059C	0x343F ;_WORLDD+121
0x059D	0x343F ;_WORLDD+122
0x059E	0x343F ;_WORLDD+123
0x059F	0x343F ;_WORLDD+124
0x05A0	0x343F ;_WORLDD+125
0x05A1	0x343F ;_WORLDD+126
0x05A2	0x343E ;_WORLDD+127
0x05A3	0x343E ;_WORLDD+128
0x05A4	0x343C ;_WORLDD+129
0x05A5	0x343C ;_WORLDD+130
0x05A6	0x3438 ;_WORLDD+131
0x05A7	0x3438 ;_WORLDD+132
0x05A8	0x3438 ;_WORLDD+133
0x05A9	0x3430 ;_WORLDD+134
0x05AA	0x3430 ;_WORLDD+135
0x05AB	0x3430 ;_WORLDD+136
0x05AC	0x3430 ;_WORLDD+137
0x05AD	0x3430 ;_WORLDD+138
0x05AE	0x3438 ;_WORLDD+139
0x05AF	0x3438 ;_WORLDD+140
0x05B0	0x3438 ;_WORLDD+141
0x05B1	0x3438 ;_WORLDD+142
0x05B2	0x3430 ;_WORLDD+143
0x05B3	0x3430 ;_WORLDD+144
0x05B4	0x3400 ;_WORLDD+145
0x05B5	0x3400 ;_WORLDD+146
0x05B6	0x3400 ;_WORLDD+147
0x05B7	0x3400 ;_WORLDD+148
0x05B8	0x3420 ;_WORLDD+149
; end of _WORLDD
;POV_Wireless_Display.c,27 :: _WORLDA
0x05B9	0x3400 ;_WORLDA+0
0x05BA	0x3400 ;_WORLDA+1
0x05BB	0x3400 ;_WORLDA+2
0x05BC	0x3400 ;_WORLDA+3
0x05BD	0x3400 ;_WORLDA+4
0x05BE	0x3400 ;_WORLDA+5
0x05BF	0x3400 ;_WORLDA+6
0x05C0	0x3400 ;_WORLDA+7
0x05C1	0x3400 ;_WORLDA+8
0x05C2	0x3400 ;_WORLDA+9
0x05C3	0x3400 ;_WORLDA+10
0x05C4	0x3407 ;_WORLDA+11
0x05C5	0x3403 ;_WORLDA+12
0x05C6	0x3407 ;_WORLDA+13
0x05C7	0x340F ;_WORLDA+14
0x05C8	0x341F ;_WORLDA+15
0x05C9	0x340F ;_WORLDA+16
0x05CA	0x340F ;_WORLDA+17
0x05CB	0x341F ;_WORLDA+18
0x05CC	0x343F ;_WORLDA+19
0x05CD	0x341F ;_WORLDA+20
0x05CE	0x340F ;_WORLDA+21
0x05CF	0x340F ;_WORLDA+22
0x05D0	0x341F ;_WORLDA+23
0x05D1	0x3407 ;_WORLDA+24
0x05D2	0x3407 ;_WORLDA+25
0x05D3	0x3407 ;_WORLDA+26
0x05D4	0x3402 ;_WORLDA+27
0x05D5	0x3400 ;_WORLDA+28
0x05D6	0x3400 ;_WORLDA+29
0x05D7	0x3400 ;_WORLDA+30
0x05D8	0x3400 ;_WORLDA+31
0x05D9	0x3400 ;_WORLDA+32
0x05DA	0x3400 ;_WORLDA+33
0x05DB	0x3400 ;_WORLDA+34
0x05DC	0x3400 ;_WORLDA+35
0x05DD	0x3400 ;_WORLDA+36
0x05DE	0x3400 ;_WORLDA+37
0x05DF	0x3400 ;_WORLDA+38
0x05E0	0x3400 ;_WORLDA+39
0x05E1	0x3400 ;_WORLDA+40
0x05E2	0x3400 ;_WORLDA+41
0x05E3	0x3400 ;_WORLDA+42
0x05E4	0x3400 ;_WORLDA+43
0x05E5	0x3400 ;_WORLDA+44
0x05E6	0x3400 ;_WORLDA+45
0x05E7	0x3400 ;_WORLDA+46
0x05E8	0x3400 ;_WORLDA+47
0x05E9	0x3400 ;_WORLDA+48
0x05EA	0x3400 ;_WORLDA+49
0x05EB	0x3400 ;_WORLDA+50
0x05EC	0x3400 ;_WORLDA+51
0x05ED	0x3400 ;_WORLDA+52
0x05EE	0x3400 ;_WORLDA+53
0x05EF	0x3400 ;_WORLDA+54
0x05F0	0x340C ;_WORLDA+55
0x05F1	0x340C ;_WORLDA+56
0x05F2	0x3400 ;_WORLDA+57
0x05F3	0x3410 ;_WORLDA+58
0x05F4	0x3430 ;_WORLDA+59
0x05F5	0x3438 ;_WORLDA+60
0x05F6	0x343E ;_WORLDA+61
0x05F7	0x343E ;_WORLDA+62
0x05F8	0x343F ;_WORLDA+63
0x05F9	0x343F ;_WORLDA+64
0x05FA	0x343F ;_WORLDA+65
0x05FB	0x343F ;_WORLDA+66
0x05FC	0x343F ;_WORLDA+67
0x05FD	0x343E ;_WORLDA+68
0x05FE	0x3438 ;_WORLDA+69
0x05FF	0x3400 ;_WORLDA+70
0x0600	0x3400 ;_WORLDA+71
0x0601	0x3400 ;_WORLDA+72
0x0602	0x3400 ;_WORLDA+73
0x0603	0x3400 ;_WORLDA+74
0x0604	0x3400 ;_WORLDA+75
0x0605	0x3400 ;_WORLDA+76
0x0606	0x3400 ;_WORLDA+77
0x0607	0x3400 ;_WORLDA+78
0x0608	0x3400 ;_WORLDA+79
0x0609	0x3400 ;_WORLDA+80
0x060A	0x3400 ;_WORLDA+81
0x060B	0x3400 ;_WORLDA+82
0x060C	0x3400 ;_WORLDA+83
0x060D	0x3400 ;_WORLDA+84
0x060E	0x3400 ;_WORLDA+85
0x060F	0x3400 ;_WORLDA+86
0x0610	0x3400 ;_WORLDA+87
0x0611	0x3400 ;_WORLDA+88
0x0612	0x3400 ;_WORLDA+89
0x0613	0x3420 ;_WORLDA+90
0x0614	0x3430 ;_WORLDA+91
0x0615	0x3438 ;_WORLDA+92
0x0616	0x343C ;_WORLDA+93
0x0617	0x343C ;_WORLDA+94
0x0618	0x343E ;_WORLDA+95
0x0619	0x343F ;_WORLDA+96
0x061A	0x343F ;_WORLDA+97
0x061B	0x343F ;_WORLDA+98
0x061C	0x343F ;_WORLDA+99
0x061D	0x343F ;_WORLDA+100
0x061E	0x343F ;_WORLDA+101
0x061F	0x343F ;_WORLDA+102
0x0620	0x343F ;_WORLDA+103
0x0621	0x343F ;_WORLDA+104
0x0622	0x3430 ;_WORLDA+105
0x0623	0x3430 ;_WORLDA+106
0x0624	0x3420 ;_WORLDA+107
0x0625	0x3400 ;_WORLDA+108
0x0626	0x3400 ;_WORLDA+109
0x0627	0x3400 ;_WORLDA+110
0x0628	0x3400 ;_WORLDA+111
0x0629	0x3400 ;_WORLDA+112
0x062A	0x3400 ;_WORLDA+113
0x062B	0x3400 ;_WORLDA+114
0x062C	0x3400 ;_WORLDA+115
0x062D	0x3400 ;_WORLDA+116
0x062E	0x3400 ;_WORLDA+117
0x062F	0x3400 ;_WORLDA+118
0x0630	0x3400 ;_WORLDA+119
0x0631	0x3400 ;_WORLDA+120
0x0632	0x3400 ;_WORLDA+121
0x0633	0x3400 ;_WORLDA+122
0x0634	0x3400 ;_WORLDA+123
0x0635	0x3400 ;_WORLDA+124
0x0636	0x3400 ;_WORLDA+125
0x0637	0x3400 ;_WORLDA+126
0x0638	0x3400 ;_WORLDA+127
0x0639	0x3400 ;_WORLDA+128
0x063A	0x3400 ;_WORLDA+129
0x063B	0x3400 ;_WORLDA+130
0x063C	0x3400 ;_WORLDA+131
0x063D	0x3400 ;_WORLDA+132
0x063E	0x3400 ;_WORLDA+133
0x063F	0x3400 ;_WORLDA+134
0x0640	0x3400 ;_WORLDA+135
0x0641	0x3400 ;_WORLDA+136
0x0642	0x3400 ;_WORLDA+137
0x0643	0x3400 ;_WORLDA+138
0x0644	0x3400 ;_WORLDA+139
0x0645	0x3400 ;_WORLDA+140
0x0646	0x3400 ;_WORLDA+141
0x0647	0x3400 ;_WORLDA+142
0x0648	0x3400 ;_WORLDA+143
0x0649	0x3400 ;_WORLDA+144
0x064A	0x3400 ;_WORLDA+145
0x064B	0x3400 ;_WORLDA+146
0x064C	0x3400 ;_WORLDA+147
0x064D	0x3400 ;_WORLDA+148
0x064E	0x3400 ;_WORLDA+149
; end of _WORLDA
;POV_Wireless_Display.c,26 :: _WORLDB
0x064F	0x3400 ;_WORLDB+0
0x0650	0x3400 ;_WORLDB+1
0x0651	0x3400 ;_WORLDB+2
0x0652	0x3400 ;_WORLDB+3
0x0653	0x3400 ;_WORLDB+4
0x0654	0x3400 ;_WORLDB+5
0x0655	0x3400 ;_WORLDB+6
0x0656	0x3400 ;_WORLDB+7
0x0657	0x3400 ;_WORLDB+8
0x0658	0x3400 ;_WORLDB+9
0x0659	0x3400 ;_WORLDB+10
0x065A	0x3400 ;_WORLDB+11
0x065B	0x3400 ;_WORLDB+12
0x065C	0x3400 ;_WORLDB+13
0x065D	0x3401 ;_WORLDB+14
0x065E	0x3401 ;_WORLDB+15
0x065F	0x3401 ;_WORLDB+16
0x0660	0x3401 ;_WORLDB+17
0x0661	0x3400 ;_WORLDB+18
0x0662	0x3402 ;_WORLDB+19
0x0663	0x3400 ;_WORLDB+20
0x0664	0x3400 ;_WORLDB+21
0x0665	0x3400 ;_WORLDB+22
0x0666	0x3400 ;_WORLDB+23
0x0667	0x3422 ;_WORLDB+24
0x0668	0x3400 ;_WORLDB+25
0x0669	0x3406 ;_WORLDB+26
0x066A	0x3406 ;_WORLDB+27
0x066B	0x3402 ;_WORLDB+28
0x066C	0x340E ;_WORLDB+29
0x066D	0x343C ;_WORLDB+30
0x066E	0x3433 ;_WORLDB+31
0x066F	0x3426 ;_WORLDB+32
0x0670	0x3434 ;_WORLDB+33
0x0671	0x3420 ;_WORLDB+34
0x0672	0x3400 ;_WORLDB+35
0x0673	0x3400 ;_WORLDB+36
0x0674	0x3400 ;_WORLDB+37
0x0675	0x3400 ;_WORLDB+38
0x0676	0x3400 ;_WORLDB+39
0x0677	0x3400 ;_WORLDB+40
0x0678	0x3428 ;_WORLDB+41
0x0679	0x3430 ;_WORLDB+42
0x067A	0x3430 ;_WORLDB+43
0x067B	0x3400 ;_WORLDB+44
0x067C	0x3400 ;_WORLDB+45
0x067D	0x3400 ;_WORLDB+46
0x067E	0x3400 ;_WORLDB+47
0x067F	0x3400 ;_WORLDB+48
0x0680	0x3400 ;_WORLDB+49
0x0681	0x3400 ;_WORLDB+50
0x0682	0x3400 ;_WORLDB+51
0x0683	0x3400 ;_WORLDB+52
0x0684	0x3420 ;_WORLDB+53
0x0685	0x3438 ;_WORLDB+54
0x0686	0x342C ;_WORLDB+55
0x0687	0x343C ;_WORLDB+56
0x0688	0x343C ;_WORLDB+57
0x0689	0x341E ;_WORLDB+58
0x068A	0x343F ;_WORLDB+59
0x068B	0x343F ;_WORLDB+60
0x068C	0x343F ;_WORLDB+61
0x068D	0x343F ;_WORLDB+62
0x068E	0x343F ;_WORLDB+63
0x068F	0x343F ;_WORLDB+64
0x0690	0x343F ;_WORLDB+65
0x0691	0x343F ;_WORLDB+66
0x0692	0x343F ;_WORLDB+67
0x0693	0x343F ;_WORLDB+68
0x0694	0x343F ;_WORLDB+69
0x0695	0x343E ;_WORLDB+70
0x0696	0x343C ;_WORLDB+71
0x0697	0x3438 ;_WORLDB+72
0x0698	0x3438 ;_WORLDB+73
0x0699	0x3438 ;_WORLDB+74
0x069A	0x3438 ;_WORLDB+75
0x069B	0x3438 ;_WORLDB+76
0x069C	0x3438 ;_WORLDB+77
0x069D	0x3438 ;_WORLDB+78
0x069E	0x3438 ;_WORLDB+79
0x069F	0x3438 ;_WORLDB+80
0x06A0	0x3430 ;_WORLDB+81
0x06A1	0x3400 ;_WORLDB+82
0x06A2	0x3400 ;_WORLDB+83
0x06A3	0x3400 ;_WORLDB+84
0x06A4	0x3400 ;_WORLDB+85
0x06A5	0x3400 ;_WORLDB+86
0x06A6	0x3400 ;_WORLDB+87
0x06A7	0x3400 ;_WORLDB+88
0x06A8	0x3400 ;_WORLDB+89
0x06A9	0x3400 ;_WORLDB+90
0x06AA	0x3401 ;_WORLDB+91
0x06AB	0x3401 ;_WORLDB+92
0x06AC	0x3401 ;_WORLDB+93
0x06AD	0x3401 ;_WORLDB+94
0x06AE	0x3403 ;_WORLDB+95
0x06AF	0x3407 ;_WORLDB+96
0x06B0	0x3407 ;_WORLDB+97
0x06B1	0x3407 ;_WORLDB+98
0x06B2	0x3407 ;_WORLDB+99
0x06B3	0x340F ;_WORLDB+100
0x06B4	0x340F ;_WORLDB+101
0x06B5	0x340F ;_WORLDB+102
0x06B6	0x340F ;_WORLDB+103
0x06B7	0x340F ;_WORLDB+104
0x06B8	0x340F ;_WORLDB+105
0x06B9	0x340F ;_WORLDB+106
0x06BA	0x340F ;_WORLDB+107
0x06BB	0x3403 ;_WORLDB+108
0x06BC	0x3400 ;_WORLDB+109
0x06BD	0x3410 ;_WORLDB+110
0x06BE	0x3410 ;_WORLDB+111
0x06BF	0x3420 ;_WORLDB+112
0x06C0	0x3420 ;_WORLDB+113
0x06C1	0x3420 ;_WORLDB+114
0x06C2	0x3420 ;_WORLDB+115
0x06C3	0x3400 ;_WORLDB+116
0x06C4	0x3400 ;_WORLDB+117
0x06C5	0x3400 ;_WORLDB+118
0x06C6	0x3400 ;_WORLDB+119
0x06C7	0x3400 ;_WORLDB+120
0x06C8	0x3400 ;_WORLDB+121
0x06C9	0x3400 ;_WORLDB+122
0x06CA	0x3400 ;_WORLDB+123
0x06CB	0x3400 ;_WORLDB+124
0x06CC	0x3400 ;_WORLDB+125
0x06CD	0x3400 ;_WORLDB+126
0x06CE	0x3400 ;_WORLDB+127
0x06CF	0x3400 ;_WORLDB+128
0x06D0	0x3400 ;_WORLDB+129
0x06D1	0x3400 ;_WORLDB+130
0x06D2	0x3400 ;_WORLDB+131
0x06D3	0x3400 ;_WORLDB+132
0x06D4	0x3400 ;_WORLDB+133
0x06D5	0x3400 ;_WORLDB+134
0x06D6	0x3400 ;_WORLDB+135
0x06D7	0x3400 ;_WORLDB+136
0x06D8	0x3400 ;_WORLDB+137
0x06D9	0x3400 ;_WORLDB+138
0x06DA	0x3400 ;_WORLDB+139
0x06DB	0x3400 ;_WORLDB+140
0x06DC	0x3400 ;_WORLDB+141
0x06DD	0x3400 ;_WORLDB+142
0x06DE	0x3400 ;_WORLDB+143
0x06DF	0x3400 ;_WORLDB+144
0x06E0	0x3400 ;_WORLDB+145
0x06E1	0x3400 ;_WORLDB+146
0x06E2	0x3400 ;_WORLDB+147
0x06E3	0x3400 ;_WORLDB+148
0x06E4	0x3400 ;_WORLDB+149
; end of _WORLDB
Symbol List:
//** Routines locations **
//ADDRESS    SIZE    PROCEDURE
//----------------------------------------------
0x0004     [111]    _interrupt
0x0073      [12]    _SETFOV32
0x007F       [7]    _RES032
0x0086      [12]    _SETFUN32
0x0092       [4]    _FIXSIGN32
0x0096      [90]    _NRM4032
0x00F0       [7]    _____DoICP
0x00F7      [13]    _SETIOV3224
0x0104       [3]    _SETFDZ32
0x0107      [47]    _NRM3232
0x0136      [27]    _abs
0x0151     [183]    _Div_32x32_FP
0x0208      [16]    _byte2double
0x0218      [97]    _Mul_32x32_FP
0x0279      [30]    _int2double
0x0297      [67]    _double2byte
0x02DA      [93]    _double2int
0x0337      [12]    ___CC2DW
0x0343     [160]    _Add_32x32_FP
0x03E3     [170]    _main
//** Variables locations ** 
//ADDRESS    SIZE    VARIABLE
//----------------------------------------------
0x0000       [1]    INDF
0x0001       [1]    TMR0
0x0002       [1]    PCL
0x0003       [1]    STATUS
0x0004       [1]    FSR
0x0005       [1]    PORTA
0x0006       [1]    PORTB
0x0007       [1]    PORTC
0x0008       [1]    PORTD
0x0009       [1]    PORTE
0x000A       [1]    PCLATH
0x000B       [1]    INTCON
0x001F       [1]    ADCON0
0x0020       [1]    __math_tempbD
0x0025       [2]    ___DoICPAddr
0x0027       [4]    _Kp
0x002B       [1]    _Last_Pixel_Column_Count
0x002C       [1]    _Prev_IR_State
0x002D       [1]    _ImgToShow
0x002E       [1]    _Pixel_Column_Count
0x002F       [1]    _Pixel_Column_Time
0x0030       [4]    _newTimeDelta
0x0034       [2]    _timeNow
0x0036       [2]    _diff
0x0038       [1]    ___savePCLATH
0x0039       [1]    ___saveSTATUS
0x003A       [6]    FLOC__main
0x0040       [2]    FARG_abs_a
0x0070       [1]    R0
0x0071       [1]    R1
0x0072       [1]    R2
0x0073       [1]    R3
0x0074       [1]    R4
0x0075       [1]    R5
0x0076       [1]    R6
0x0077       [1]    R7
0x0078       [1]    R8
0x0079       [1]    R9
0x007A       [1]    R10
0x007B       [1]    R11
0x007C       [1]    R12
0x007D       [1]    R13
0x007E       [1]    R14
0x007F       [1]    R15
0x0081       [1]    OPTION_REG
0x0085       [1]    TRISA
0x0086       [1]    TRISB
0x0087       [1]    TRISC
0x0088       [1]    TRISD
0x0089       [1]    TRISE
0x009F       [1]    ADCON1
//** Constants locations ** 
//ADDRESS    SIZE    CONSTANT
//----------------------------------------------
0x048D     [150]    _WORLDC
0x0523     [150]    _WORLDD
0x05B9     [150]    _WORLDA
0x064F     [150]    _WORLDB
